2024-01-16 23:11:51,983 [INFO] Activator:176 - 


2024-01-16 23:11:51,984 [INFO] Activator:177 - !SESSION log4j initialized
2024-01-16 23:11:54,219 [INFO] LogOutputStream:77 - [STDOUT_REDIRECT] 
2024-01-16 23:12:07,317 [INFO] ApplicationProperties:184 - Using Application install path: /opt/stm32cubeide/plugins/com.st.stm32cube.common.mx_6.10.0.202311202037
2024-01-16 23:12:07,333 [INFO] DbMcusXml:78 - Set database path to: /opt/stm32cubeide/plugins/com.st.stm32cube.common.mx_6.10.0.202311202037//db//mcu/
2024-01-16 23:12:07,333 [INFO] ApiDb:274 - Set plugin database path to: /opt/stm32cubeide/plugins/com.st.stm32cube.common.mx_6.10.0.202311202037//db//plugins/boardmanager/
2024-01-16 23:12:07,333 [WARN] ApiDb:259 - Overriding images path with different value:  => /opt/stm32cubeide/plugins/com.st.stm32cube.common.mx_6.10.0.202311202037//db//plugins/mcufinder/images/
2024-01-16 23:12:08,137 [INFO] ApiDb:250 - Set database path to: /home/benjaminowen/.stmcufinder/plugins/mcufinder//mcu/
2024-01-16 23:12:08,138 [INFO] DbMcusAds:125 - Set database path to: /home/benjaminowen/.stmcufinder/plugins/mcufinder//mcu/
2024-01-16 23:12:08,148 [INFO] CrossReferenceDbSqlite:203 - Set database path to: /home/benjaminowen/.stmcufinder/plugins/mcufinder//mcu/cs/
2024-01-16 23:12:08,261 [INFO] RulesReader:64 - Compatibility file has been processed (297 Rules)
2024-01-16 23:12:08,308 [INFO] DbMcusXml:78 - Set database path to: /opt/stm32cubeide/plugins/com.st.stm32cube.common.mx_6.10.0.202311202037//db//mcu/
2024-01-16 23:12:08,308 [INFO] ApiDb:274 - Set plugin database path to: /opt/stm32cubeide/plugins/com.st.stm32cube.common.mx_6.10.0.202311202037//db//plugins/boardmanager/
2024-01-16 23:12:08,308 [INFO] ApiDb:261 - Set plugin images path to: /opt/stm32cubeide/plugins/com.st.stm32cube.common.mx_6.10.0.202311202037//db//plugins/mcufinder/images/
2024-01-16 23:12:08,308 [WARN] DbFile:41 - Overriding database path with different value: /home/benjaminowen/.stmcufinder/plugins/mcufinder/ => /home/benjaminowen/.stmcufinder/plugins/mcufinder
2024-01-16 23:12:08,308 [INFO] ApiDb:250 - Set database path to: /home/benjaminowen/.stmcufinder/plugins/mcufinder//mcu/
2024-01-16 23:12:08,308 [WARN] DbFile:41 - Overriding database path with different value: /home/benjaminowen/.stmcufinder/plugins/mcufinder/ => /home/benjaminowen/.stmcufinder/plugins/mcufinder
2024-01-16 23:12:08,308 [INFO] DbMcusAds:125 - Set database path to: /home/benjaminowen/.stmcufinder/plugins/mcufinder//mcu/
2024-01-16 23:12:08,308 [WARN] DbFile:41 - Overriding database path with different value: /home/benjaminowen/.stmcufinder/plugins/mcufinder/ => /home/benjaminowen/.stmcufinder/plugins/mcufinder
2024-01-16 23:12:08,308 [WARN] DbFile:41 - Overriding database path with different value: /home/benjaminowen/.stmcufinder/plugins/mcufinder/ => /home/benjaminowen/.stmcufinder/plugins/mcufinder
2024-01-16 23:12:08,309 [INFO] CrossReferenceDbSqlite:203 - Set database path to: /home/benjaminowen/.stmcufinder/plugins/mcufinder//mcu/cs/
2024-01-16 23:12:08,362 [INFO] MainPanel:264 - HeapMemory: 268435456
2024-01-16 23:12:08,432 [INFO] DbMcusXml:78 - Set database path to: /opt/stm32cubeide/plugins/com.st.stm32cube.common.mx_6.10.0.202311202037//db//mcu/
2024-01-16 23:12:08,432 [INFO] ApiDb:274 - Set plugin database path to: /opt/stm32cubeide/plugins/com.st.stm32cube.common.mx_6.10.0.202311202037//db//plugins/boardmanager/
2024-01-16 23:12:08,432 [INFO] ApiDb:261 - Set plugin images path to: /opt/stm32cubeide/plugins/com.st.stm32cube.common.mx_6.10.0.202311202037//db//plugins/mcufinder/images/
2024-01-16 23:12:08,433 [WARN] DbFile:41 - Overriding database path with different value: /home/benjaminowen/.stmcufinder/plugins/mcufinder/ => /home/benjaminowen/.stmcufinder/plugins/mcufinder
2024-01-16 23:12:08,433 [INFO] ApiDb:250 - Set database path to: /home/benjaminowen/.stmcufinder/plugins/mcufinder//mcu/
2024-01-16 23:12:08,433 [WARN] DbFile:41 - Overriding database path with different value: /home/benjaminowen/.stmcufinder/plugins/mcufinder/ => /home/benjaminowen/.stmcufinder/plugins/mcufinder
2024-01-16 23:12:08,433 [INFO] DbMcusAds:125 - Set database path to: /home/benjaminowen/.stmcufinder/plugins/mcufinder//mcu/
2024-01-16 23:12:08,433 [WARN] DbFile:41 - Overriding database path with different value: /home/benjaminowen/.stmcufinder/plugins/mcufinder/ => /home/benjaminowen/.stmcufinder/plugins/mcufinder
2024-01-16 23:12:08,433 [WARN] DbFile:41 - Overriding database path with different value: /home/benjaminowen/.stmcufinder/plugins/mcufinder/ => /home/benjaminowen/.stmcufinder/plugins/mcufinder
2024-01-16 23:12:08,434 [INFO] CrossReferenceDbSqlite:203 - Set database path to: /home/benjaminowen/.stmcufinder/plugins/mcufinder//mcu/cs/
2024-01-16 23:12:08,457 [INFO] ApplicationProperties:184 - Using Application install path: /opt/stm32cubeide/plugins/com.st.stm32cube.common.mx_6.10.0.202311202037
2024-01-16 23:12:08,459 [INFO] PluginManage:196 - Search for loadable plugins [exclusion list=, ]
2024-01-16 23:12:08,461 [INFO] PluginManage:310 - Check plugin analytics
2024-01-16 23:12:08,633 [INFO] AnalyticsPlugin:253 - Accepted Software Licenses: 
2024-01-16 23:12:08,633 [INFO] AnalyticsPlugin:255 - Accepted CMSIS Pack Licenses: 
2024-01-16 23:12:08,633 [INFO] AnalyticsPlugin:257 - Accepted Firmware Licenses: FW.F4.1.27.0
2024-01-16 23:12:08,637 [INFO] PluginManage:359 - Loaded plugin analytics (category:tool,tabindex:-1)
2024-01-16 23:12:08,638 [INFO] PluginManage:310 - Check plugin cadmodel
2024-01-16 23:12:08,725 [INFO] CADModel:105 - Init CAD model plugin
2024-01-16 23:12:08,725 [INFO] PluginManage:359 - Loaded plugin cadmodel (category:power,tabindex:5)
2024-01-16 23:12:08,725 [INFO] PluginManage:310 - Check plugin clock
2024-01-16 23:12:08,737 [INFO] PluginManage:359 - Loaded plugin clock (category:base,tabindex:2)
2024-01-16 23:12:08,737 [INFO] PluginManage:310 - Check plugin ddr
2024-01-16 23:12:08,739 [INFO] PluginManage:359 - Loaded plugin ddr (category:tool,tabindex:6)
2024-01-16 23:12:08,739 [INFO] PluginManage:310 - Check plugin filemanager
2024-01-16 23:12:08,882 [INFO] PluginManage:359 - Loaded plugin filemanager (category:base,tabindex:10)
2024-01-16 23:12:08,882 [INFO] PluginManage:310 - Check plugin ipmanager
2024-01-16 23:12:08,886 [INFO] PluginManage:359 - Loaded plugin ipmanager (category:base,tabindex:5)
2024-01-16 23:12:08,886 [INFO] PluginManage:310 - Check plugin lpbam
2024-01-16 23:12:08,894 [INFO] PluginManage:359 - Loaded plugin lpbam (category:base,tabindex:0)
2024-01-16 23:12:08,894 [INFO] PluginManage:310 - Check plugin memorymap
2024-01-16 23:12:08,902 [INFO] PluginManage:359 - Loaded plugin memorymap (category:base,tabindex:4)
2024-01-16 23:12:08,902 [INFO] PluginManage:310 - Check plugin pinoutandconfiguration
2024-01-16 23:12:08,907 [INFO] PluginManage:359 - Loaded plugin pinoutandconfiguration (category:base,tabindex:1)
2024-01-16 23:12:08,908 [INFO] PluginManage:310 - Check plugin pinoutconfig
2024-01-16 23:12:08,983 [WARN] SupportedApi:132 - Cannot load RTOS API schema: s4s-elt-must-match.1: The content of 'definitions' must match (annotation?, (simpleType | complexType)?, (unique | key | keyref)*)). A problem was found starting at: attribute.
2024-01-16 23:12:09,114 [INFO] PluginManage:359 - Loaded plugin pinoutconfig (category:base,tabindex:0)
2024-01-16 23:12:09,114 [INFO] PluginManage:310 - Check plugin power
2024-01-16 23:12:09,123 [INFO] PluginManage:359 - Loaded plugin power (category:power,tabindex:4)
2024-01-16 23:12:09,124 [INFO] PluginManage:310 - Check plugin projectmanager
2024-01-16 23:12:09,150 [INFO] PluginManage:359 - Loaded plugin projectmanager (category:projectmanager,tabindex:3)
2024-01-16 23:12:09,151 [INFO] PluginManage:310 - Check plugin thirdparty
2024-01-16 23:12:09,305 [INFO] PluginManage:359 - Loaded plugin thirdparty (category:base,tabindex:-1)
2024-01-16 23:12:09,305 [WARN] IntegrityCheckThread:84 - waiting for thirdparty lock release [integrity check]
2024-01-16 23:12:09,305 [INFO] IntegrityCheckThread:86 - entering critical section [integrity check]
2024-01-16 23:12:09,305 [INFO] PluginManage:310 - Check plugin tools
2024-01-16 23:12:09,306 [INFO] ThirdPartyUpdaterWithRetryManager:70 - Updater plugin not ready yet. [1/15]
2024-01-16 23:12:09,308 [INFO] PluginManage:359 - Loaded plugin tools (category:base,tabindex:7)
2024-01-16 23:12:09,308 [INFO] PluginManage:310 - Check plugin tutovideos
2024-01-16 23:12:09,526 [INFO] PluginManage:359 - Loaded plugin tutovideos (category:base,tabindex:-1)
2024-01-16 23:12:09,526 [INFO] PluginManage:310 - Check plugin updater
2024-01-16 23:12:09,541 [INFO] PluginManage:359 - Loaded plugin updater (category:base,tabindex:12)
2024-01-16 23:12:09,541 [INFO] PluginManage:310 - Check plugin userauth
2024-01-16 23:12:09,548 [INFO] UserAuth:114 - Init User Auth plugin
2024-01-16 23:12:09,549 [INFO] PluginManage:359 - Loaded plugin userauth (category:base,tabindex:14)
2024-01-16 23:12:09,550 [INFO] PluginManage:283 - PluginManage : Loaded plugins [17]
2024-01-16 23:12:09,802 [INFO] PinOutPanel:1499 - setPackage(No Configuration,No Configuration)
2024-01-16 23:12:09,887 [INFO] CADModel:165 - CPN selected for project level
2024-01-16 23:12:09,887 [INFO] CADModel:114 - Register for checkConnection events
2024-01-16 23:12:09,899 [INFO] IPUIPlugin:80 - create IPUIPlugin
2024-01-16 23:12:09,900 [INFO] PluginManager:220 - loadIPPluginJar : add dfsdm
2024-01-16 23:12:09,905 [INFO] IPUIPlugin:80 - create IPUIPlugin
2024-01-16 23:12:09,906 [INFO] PluginManager:220 - loadIPPluginJar : add i2s
2024-01-16 23:12:09,908 [INFO] IPUIPlugin:80 - create IPUIPlugin
2024-01-16 23:12:09,908 [INFO] PluginManager:220 - loadIPPluginJar : add ts
2024-01-16 23:12:09,912 [INFO] IPUIPlugin:80 - create IPUIPlugin
2024-01-16 23:12:09,912 [INFO] PluginManager:220 - loadIPPluginJar : add openamp
2024-01-16 23:12:09,915 [INFO] IPUIPlugin:80 - create IPUIPlugin
2024-01-16 23:12:09,916 [INFO] PluginManager:220 - loadIPPluginJar : add usart
2024-01-16 23:12:09,918 [INFO] IPUIPlugin:80 - create IPUIPlugin
2024-01-16 23:12:09,919 [INFO] PluginManager:220 - loadIPPluginJar : add aes
2024-01-16 23:12:09,920 [INFO] IPUIPlugin:80 - create IPUIPlugin
2024-01-16 23:12:09,921 [INFO] PluginManager:220 - loadIPPluginJar : add genericplugin
2024-01-16 23:12:09,924 [INFO] IPUIPlugin:80 - create IPUIPlugin
2024-01-16 23:12:09,924 [INFO] PluginManager:220 - loadIPPluginJar : add pdm2pcm
2024-01-16 23:12:09,928 [INFO] IPUIPlugin:80 - create IPUIPlugin
2024-01-16 23:12:09,928 [INFO] PluginManager:220 - loadIPPluginJar : add usbx
2024-01-16 23:12:09,930 [INFO] IPUIPlugin:80 - create IPUIPlugin
2024-01-16 23:12:09,930 [INFO] PluginManager:220 - loadIPPluginJar : add tim
2024-01-16 23:12:09,934 [INFO] IPUIPlugin:80 - create IPUIPlugin
2024-01-16 23:12:09,934 [INFO] PluginManager:220 - loadIPPluginJar : add ipddr
2024-01-16 23:12:09,937 [INFO] IPUIPlugin:80 - create IPUIPlugin
2024-01-16 23:12:09,937 [INFO] PluginManager:220 - loadIPPluginJar : add hash
2024-01-16 23:12:09,939 [INFO] IPUIPlugin:80 - create IPUIPlugin
2024-01-16 23:12:09,940 [INFO] PluginManager:220 - loadIPPluginJar : add gfxmmu
2024-01-16 23:12:09,942 [INFO] IPUIPlugin:80 - create IPUIPlugin
2024-01-16 23:12:09,942 [INFO] PluginManager:220 - loadIPPluginJar : add quadspi
2024-01-16 23:12:09,948 [INFO] IPUIPlugin:80 - create IPUIPlugin
2024-01-16 23:12:09,948 [INFO] PluginManager:220 - loadIPPluginJar : add fmc
2024-01-16 23:12:09,954 [INFO] IPUIPlugin:80 - create IPUIPlugin
2024-01-16 23:12:09,954 [INFO] PluginManager:220 - loadIPPluginJar : add linkedlist
2024-01-16 23:12:09,955 [INFO] IPUIPlugin:80 - create IPUIPlugin
2024-01-16 23:12:09,955 [INFO] PluginManager:220 - loadIPPluginJar : add fatfs
2024-01-16 23:12:09,957 [INFO] IPUIPlugin:80 - create IPUIPlugin
2024-01-16 23:12:09,957 [INFO] PluginManager:220 - loadIPPluginJar : add tsc
2024-01-16 23:12:09,962 [INFO] IPUIPlugin:80 - create IPUIPlugin
2024-01-16 23:12:09,962 [INFO] PluginManager:220 - loadIPPluginJar : add freertos
2024-01-16 23:12:09,963 [INFO] IPUIPlugin:80 - create IPUIPlugin
2024-01-16 23:12:09,963 [INFO] PluginManager:220 - loadIPPluginJar : add ltdc
2024-01-16 23:12:09,965 [INFO] IPUIPlugin:80 - create IPUIPlugin
2024-01-16 23:12:09,965 [INFO] PluginManager:220 - loadIPPluginJar : add cryp
2024-01-16 23:12:09,967 [INFO] IPUIPlugin:80 - create IPUIPlugin
2024-01-16 23:12:09,967 [INFO] PluginManager:220 - loadIPPluginJar : add i2c
2024-01-16 23:12:09,971 [INFO] IPUIPlugin:80 - create IPUIPlugin
2024-01-16 23:12:09,971 [INFO] PluginManager:220 - loadIPPluginJar : add stm32_wpan
2024-01-16 23:12:09,973 [INFO] IPUIPlugin:80 - create IPUIPlugin
2024-01-16 23:12:09,973 [INFO] PluginManager:220 - loadIPPluginJar : add comp
2024-01-16 23:12:09,976 [INFO] IPUIPlugin:80 - create IPUIPlugin
2024-01-16 23:12:09,976 [INFO] PluginManager:220 - loadIPPluginJar : add can
2024-01-16 23:12:09,982 [INFO] IPUIPlugin:80 - create IPUIPlugin
2024-01-16 23:12:09,985 [INFO] PluginManager:220 - loadIPPluginJar : add plateformsettings
2024-01-16 23:12:09,987 [INFO] IPUIPlugin:80 - create IPUIPlugin
2024-01-16 23:12:09,987 [INFO] PluginManager:220 - loadIPPluginJar : add gtzc
2024-01-16 23:12:09,990 [INFO] IPUIPlugin:80 - create IPUIPlugin
2024-01-16 23:12:09,991 [INFO] PluginManager:220 - loadIPPluginJar : add nvic
2024-01-16 23:12:09,995 [INFO] IPUIPlugin:80 - create IPUIPlugin
2024-01-16 23:12:09,995 [INFO] PluginManager:220 - loadIPPluginJar : add touchsensing
2024-01-16 23:12:10,002 [INFO] IPUIPlugin:80 - create IPUIPlugin
2024-01-16 23:12:10,002 [INFO] PluginManager:220 - loadIPPluginJar : add adc
2024-01-16 23:12:10,005 [INFO] IPUIPlugin:80 - create IPUIPlugin
2024-01-16 23:12:10,005 [INFO] PluginManager:220 - loadIPPluginJar : add sai
2024-01-16 23:12:10,009 [INFO] IPUIPlugin:80 - create IPUIPlugin
2024-01-16 23:12:10,009 [INFO] PluginManager:220 - loadIPPluginJar : add lorawan
2024-01-16 23:12:10,011 [INFO] IPUIPlugin:80 - create IPUIPlugin
2024-01-16 23:12:10,011 [INFO] PluginManager:220 - loadIPPluginJar : add dma3
2024-01-16 23:12:10,013 [INFO] IPUIPlugin:80 - create IPUIPlugin
2024-01-16 23:12:10,013 [INFO] PluginManager:220 - loadIPPluginJar : add tracer_emb
2024-01-16 23:12:10,016 [INFO] IPUIPlugin:80 - create IPUIPlugin
2024-01-16 23:12:10,016 [INFO] PluginManager:220 - loadIPPluginJar : add gpio
2024-01-16 23:12:10,021 [INFO] IPUIPlugin:80 - create IPUIPlugin
2024-01-16 23:12:10,021 [INFO] PluginManager:220 - loadIPPluginJar : add gic
2024-01-16 23:12:10,027 [INFO] IPUIPlugin:80 - create IPUIPlugin
2024-01-16 23:12:10,027 [INFO] PluginManager:220 - loadIPPluginJar : add dma
2024-01-16 23:12:10,029 [INFO] IPUIPlugin:80 - create IPUIPlugin
2024-01-16 23:12:10,029 [INFO] PluginManager:220 - loadIPPluginJar : add ucpd
2024-01-16 23:12:10,031 [INFO] IPUIPlugin:80 - create IPUIPlugin
2024-01-16 23:12:10,032 [INFO] PluginManager:220 - loadIPPluginJar : add opamp
2024-01-16 23:12:10,034 [INFO] IPUIPlugin:80 - create IPUIPlugin
2024-01-16 23:12:10,034 [INFO] PluginManager:220 - loadIPPluginJar : add resmgrutility
2024-01-16 23:12:10,037 [INFO] IPUIPlugin:80 - create IPUIPlugin
2024-01-16 23:12:10,037 [INFO] PluginManager:220 - loadIPPluginJar : add spi
2024-01-16 23:12:10,040 [INFO] IPUIPlugin:80 - create IPUIPlugin
2024-01-16 23:12:10,040 [INFO] PluginManager:220 - loadIPPluginJar : add i3c
2024-01-16 23:12:10,047 [INFO] IPUIPlugin:80 - create IPUIPlugin
2024-01-16 23:12:10,048 [INFO] PluginManager:220 - loadIPPluginJar : add mdma
2024-01-16 23:12:10,164 [INFO] CADModel:165 - CPN selected for project level
2024-01-16 23:12:10,164 [INFO] CADModel:114 - Register for checkConnection events
2024-01-16 23:12:10,164 [FATAL] Updater:308 - Updater called before beeing initialized
2024-01-16 23:12:10,164 [ERROR] CADModel:125 - Updater not yet initialized, retry later 
2024-01-16 23:12:10,296 [INFO] CADModel:165 - CPN selected for project level
2024-01-16 23:12:10,296 [INFO] CADModel:114 - Register for checkConnection events
2024-01-16 23:12:10,296 [FATAL] Updater:308 - Updater called before beeing initialized
2024-01-16 23:12:10,296 [ERROR] CADModel:125 - Updater not yet initialized, retry later 
2024-01-16 23:12:10,299 [FATAL] Updater:308 - Updater called before beeing initialized
2024-01-16 23:12:10,401 [FATAL] Updater:308 - Updater called before beeing initialized
2024-01-16 23:12:10,407 [INFO] DbMcusAds:53 - JSON generation date=Thu Sep 30 02:55:09 EDT 2021 (1632984909247)
2024-01-16 23:12:10,408 [FATAL] Updater:308 - Updater called before beeing initialized
2024-01-16 23:12:10,460 [WARN] DetailPanel:346 - Failed to get advertising image, set to default
2024-01-16 23:12:10,558 [FATAL] Updater:308 - Updater called before beeing initialized
2024-01-16 23:12:10,560 [FATAL] Updater:308 - Updater called before beeing initialized
2024-01-16 23:12:10,560 [FATAL] Updater:308 - Updater called before beeing initialized
2024-01-16 23:12:10,560 [WARN] DetailPanel:346 - Failed to get advertising image, set to default
2024-01-16 23:12:10,561 [FATAL] Updater:308 - Updater called before beeing initialized
2024-01-16 23:12:10,593 [ERROR] Updater:1120 - MainUpdater not yet initialized. External WinMGr cannot be set.
2024-01-16 23:12:10,595 [INFO] Updater:1056 - Updater Version found : 6.10.0
2024-01-16 23:12:10,616 [INFO] ApplicationProperties:184 - Using Application install path: /opt/stm32cubeide/plugins/com.st.stm32cube.common.mx_6.10.0.202311202037
2024-01-16 23:12:10,635 [ERROR] LogOutputStream:75 - [STDERR_REDIRECT] Jan 16, 2024 11:12:10 PM java.util.prefs.FileSystemPreferences$2 run
2024-01-16 23:12:10,636 [ERROR] LogOutputStream:75 - [STDERR_REDIRECT] WARNING: Could not create system preferences directory. System preferences are unusable.
2024-01-16 23:12:10,636 [ERROR] LogOutputStream:75 - [STDERR_REDIRECT] 
2024-01-16 23:12:10,660 [INFO] MainUpdater:526 - Copy updater definitions from MX database
2024-01-16 23:12:10,924 [INFO] MainUpdater:2873 - connection check result : 10
2024-01-16 23:12:10,925 [INFO] MainUpdater:3567 - Updater definition file requires update
2024-01-16 23:12:10,926 [INFO] MainUpdater:290 - Updater Check For Update Now.
2024-01-16 23:12:10,926 [INFO] MicroXplorer:498 - Change Database Version : DB.6.0.100
2024-01-16 23:12:10,932 [INFO] McuFinderGlobals:63 - Set McuFinder mode to 2 (CubeIDE integrated)
2024-01-16 23:12:11,041 [INFO] ServerAccessManage:473 - Download File updaters.zip
2024-01-16 23:12:11,180 [INFO] UserAuth:404 - Internet connection configuration mode: 1
2024-01-16 23:12:11,204 [INFO] JxBrowserEngine:152 - Initiate JxBrowser Engine with user profile folder
2024-01-16 23:12:11,483 [INFO] FileExtend:240 - Unzip File : updaters.zip
2024-01-16 23:12:11,483 [INFO] FileExtend:255 - Standard Zip Deflate
2024-01-16 23:12:11,870 [INFO] ServerAccessManage:473 - Download File PacksControlFlags.xml
2024-01-16 23:12:12,073 [INFO] ServerAccessManage:473 - Download File cubemx.pidx
2024-01-16 23:12:12,245 [INFO] LoadServerUpdatesThread:375 - End of LoadServerUpdate Thread
2024-01-16 23:12:12,307 [WARN] MainUpdater:1194 - Updater busy. Cannot search thirdparties
2024-01-16 23:12:12,307 [INFO] ThirdPartyUpdaterWithRetryManager:96 - Updater plugin is busy. [1/15]
2024-01-16 23:12:12,516 [INFO] CheckServerUpdateThread:120 - End of CheckServer Thread
2024-01-16 23:12:14,448 [INFO] WebApp:161 - Instantiating new browser for Auth
2024-01-16 23:12:15,083 [INFO] WebApp:780 - Register for checkConnection events
2024-01-16 23:12:15,083 [INFO] WebApp:414 - Apply proxy settings
2024-01-16 23:12:15,084 [INFO] WebApp:499 - Chromium requires no authentication
2024-01-16 23:12:15,092 [INFO] WebApp:442 - Direct internet connection detected
2024-01-16 23:12:15,284 [INFO] WebApp:192 - Starting web application
2024-01-16 23:12:15,284 [INFO] WebApp:544 - Web application path used /opt/stm32cubeide/plugins/com.st.stm32cube.common.mx_6.10.0.202311202037/db/plugins/mcufinder/reactClient1/index.html
2024-01-16 23:12:15,433 [WARN] PackLoader:240 - Cannot read IP mode file for STMicroelectronics.X-CUBE-SMBUS.2.1.0
2024-01-16 23:12:15,446 [WARN] PackLoader:240 - Cannot read IP mode file for STMicroelectronics.X-CUBE-TOUCHGFX.4.23.0
2024-01-16 23:12:15,509 [WARN] PackLoader:240 - Cannot read IP mode file for STMicroelectronics.X-CUBE-AZRTOS-F7.1.1.0
2024-01-16 23:12:15,532 [WARN] PackLoader:240 - Cannot read IP mode file for STMicroelectronics.FP-SNS-MOTENV1.4.3.2
2024-01-16 23:12:15,541 [WARN] PackLoader:240 - Cannot read IP mode file for STMicroelectronics.FP-SNS-FLIGHT1.5.0.2
2024-01-16 23:12:15,559 [WARN] PackLoader:240 - Cannot read IP mode file for STMicroelectronics.X-CUBE-DISPLAY.3.0.0
2024-01-16 23:12:15,586 [WARN] PackLoader:240 - Cannot read IP mode file for STMicroelectronics.X-CUBE-BLE1.7.0.0
2024-01-16 23:12:15,595 [WARN] PackLoader:240 - Cannot read IP mode file for emotas.I-CUBE-CANOPEN.1.3.0
2024-01-16 23:12:15,604 [WARN] PackLoader:240 - Cannot read IP mode file for STMicroelectronics.FP-SNS-SMARTAG2.1.2.0
2024-01-16 23:12:15,622 [INFO] LogOutputStream:77 - [STDOUT_REDIRECT] 1 : Invalid condition id : UX_CORESTACK_Condition cause : null
2024-01-16 23:12:15,623 [INFO] LogOutputStream:77 - [STDOUT_REDIRECT] 1 : Invalid condition id : UX_CORESTACK_Condition cause : null
2024-01-16 23:12:15,623 [INFO] LogOutputStream:77 - [STDOUT_REDIRECT] 1 : Invalid condition id : UX_CORESTACK_Condition cause : null
2024-01-16 23:12:15,623 [INFO] LogOutputStream:77 - [STDOUT_REDIRECT] 1 : Invalid condition id : UX_CORESTACK_Condition cause : null
2024-01-16 23:12:15,624 [INFO] LogOutputStream:77 - [STDOUT_REDIRECT] 1 : Invalid condition id : UX_CORESTACK_Condition cause : null
2024-01-16 23:12:15,638 [WARN] PackLoader:240 - Cannot read IP mode file for STMicroelectronics.X-CUBE-AZRTOS-WL.2.0.0
2024-01-16 23:12:15,655 [WARN] PackLoader:240 - Cannot read IP mode file for WES.I-CUBE-Cesium.1.3.0
2024-01-16 23:12:15,662 [WARN] PackLoader:240 - Cannot read IP mode file for STMicroelectronics.X-CUBE-BLE2.3.3.0
2024-01-16 23:12:15,671 [WARN] PackLoader:240 - Cannot read IP mode file for STMicroelectronics.X-CUBE-ALGOBUILD.1.3.0
2024-01-16 23:12:15,705 [WARN] PackLoader:240 - Cannot read IP mode file for STMicroelectronics.X-CUBE-AZRTOS-G0.1.1.0
2024-01-16 23:12:15,719 [WARN] PackLoader:240 - Cannot read IP mode file for STMicroelectronics.X-CUBE-NFC4.3.0.0
2024-01-16 23:12:15,733 [WARN] PackLoader:240 - Cannot read IP mode file for STMicroelectronics.X-CUBE-BLEMGR.3.0.0
2024-01-16 23:12:15,740 [WARN] PackLoader:240 - Cannot read IP mode file for STMicroelectronics.FP-ATR-SIGFOX1.3.2.0
2024-01-16 23:12:15,790 [WARN] PackLoader:240 - Cannot read IP mode file for SEGGER.I-CUBE-embOS.1.3.1
2024-01-16 23:12:15,851 [WARN] PackLoader:240 - Cannot read IP mode file for STMicroelectronics.X-CUBE-GNSS1.6.0.0
2024-01-16 23:12:15,876 [WARN] PackLoader:240 - Cannot read IP mode file for STMicroelectronics.X-CUBE-AZRTOS-F4.1.1.0
2024-01-16 23:12:15,886 [WARN] PackLoader:240 - Cannot read IP mode file for wolfSSL.I-CUBE-wolfSSL.5.6.6
2024-01-16 23:12:15,914 [WARN] PackLoader:240 - Cannot read IP mode file for STMicroelectronics.X-CUBE-AZRTOS-L5.2.0.0
2024-01-16 23:12:15,924 [WARN] PackLoader:240 - Cannot read IP mode file for STMicroelectronics.X-CUBE-EEPRMA1.4.2.0
2024-01-16 23:12:15,929 [WARN] PackLoader:240 - Cannot read IP mode file for ITTIA_DB.I-CUBE-ITTIADB.8.8.0
2024-01-16 23:12:15,935 [WARN] PackLoader:240 - Cannot read IP mode file for STMicroelectronics.X-CUBE-NFC7.1.0.1
2024-01-16 23:12:15,945 [WARN] PackLoader:240 - Cannot read IP mode file for STMicroelectronics.X-CUBE-NFC6.3.0.0
2024-01-16 23:12:15,953 [WARN] PackLoader:240 - Cannot read IP mode file for STMicroelectronics.X-CUBE-AI.8.1.0
2024-01-16 23:12:15,981 [WARN] ConditionMgr:438 - getConditionDescription Invalid condition id : LAN8742 Phy interface Condition cause : null
2024-01-16 23:12:15,983 [WARN] PackLoader:240 - Cannot read IP mode file for STMicroelectronics.X-CUBE-AZRTOS-L4.2.0.0
2024-01-16 23:12:15,985 [WARN] ConditionMgr:1039 - genDependencies : Invalid condition id : LAN8742 Phy interface Condition cause : null
2024-01-16 23:12:15,986 [WARN] ConditionMgr:1039 - genDependencies : Invalid condition id : LAN8742 Phy interface Condition cause : null
2024-01-16 23:12:15,987 [WARN] ConditionMgr:1039 - genDependencies : Invalid condition id : LAN8742 Phy interface Condition cause : null
2024-01-16 23:12:15,998 [WARN] PackLoader:240 - Cannot read IP mode file for STMicroelectronics.X-CUBE-SFXS2LP1.4.0.0
2024-01-16 23:12:16,009 [WARN] PackLoader:240 - Cannot read IP mode file for RoweBots.I-CUBE-UNISONRTOS.5.5.0-4
2024-01-16 23:12:16,035 [WARN] ConditionMgr:438 - getConditionDescription Invalid condition id : UX DEVICE CLASS RTOS Condition cause : null
2024-01-16 23:12:16,036 [WARN] ConditionMgr:438 - getConditionDescription Invalid condition id : UX DEVICE CLASS RTOS Condition cause : null
2024-01-16 23:12:16,041 [WARN] PackLoader:240 - Cannot read IP mode file for STMicroelectronics.X-CUBE-AZRTOS-WB.2.0.0
2024-01-16 23:12:16,043 [WARN] ConditionMgr:1039 - genDependencies : Invalid condition id : UX DEVICE CLASS RTOS Condition cause : null
2024-01-16 23:12:16,043 [WARN] ConditionMgr:1039 - genDependencies : Invalid condition id : UX DEVICE CLASS RTOS Condition cause : null
2024-01-16 23:12:16,044 [WARN] ConditionMgr:1039 - genDependencies : Invalid condition id : UX DEVICE CLASS RTOS Condition cause : null
2024-01-16 23:12:16,045 [WARN] ConditionMgr:1039 - genDependencies : Invalid condition id : UX DEVICE CLASS RTOS Condition cause : null
2024-01-16 23:12:16,046 [WARN] ConditionMgr:1039 - genDependencies : Invalid condition id : UX DEVICE CLASS RTOS Condition cause : null
2024-01-16 23:12:16,067 [WARN] PackLoader:240 - Cannot read IP mode file for STMicroelectronics.X-CUBE-SUBG2.5.0.0
2024-01-16 23:12:16,105 [WARN] PackLoader:240 - Cannot read IP mode file for STMicroelectronics.X-CUBE-AZRTOS-G4.2.0.0
2024-01-16 23:12:16,129 [WARN] PackLoader:240 - Cannot read IP mode file for Infineon.AIROC-Wi-Fi-Bluetooth-STM32.1.5.1
2024-01-16 23:12:16,142 [WARN] PackLoader:240 - Cannot read IP mode file for STMicroelectronics.FP-SNS-MOTENVWB1.1.3.1
2024-01-16 23:12:16,149 [WARN] PackLoader:240 - Cannot read IP mode file for STMicroelectronics.X-CUBE-ISPU.2.0.0
2024-01-16 23:12:16,190 [WARN] PackLoader:240 - Cannot read IP mode file for STMicroelectronics.X-CUBE-MEMS1.10.0.0
2024-01-16 23:12:16,358 [WARN] PackLoader:240 - Cannot read IP mode file for STMicroelectronics.X-CUBE-FREERTOS.1.1.0
2024-01-16 23:12:16,364 [WARN] PackLoader:240 - Cannot read IP mode file for portGmbH.I-Cube-SoM-uGOAL.1.1.0
2024-01-16 23:12:16,368 [WARN] PackLoader:240 - Cannot read IP mode file for STMicroelectronics.X-CUBE-ALS.1.0.1
2024-01-16 23:12:16,373 [WARN] PackLoader:240 - Cannot read IP mode file for STMicroelectronics.FP-ATR-ASTRA1.2.0.0
2024-01-16 23:12:16,386 [WARN] PackLoader:240 - Cannot read IP mode file for STMicroelectronics.X-CUBE-TOF1.3.4.0
2024-01-16 23:12:16,425 [WARN] PackLoader:240 - Cannot read IP mode file for STMicroelectronics.X-CUBE-AZRTOS-H7.3.2.0
2024-01-16 23:12:16,429 [INFO] ThirdParty:978 - Integrity check success = true
2024-01-16 23:12:16,429 [INFO] IntegrityCheckThread:100 - exiting critical section [integrity check]
2024-01-16 23:12:16,429 [INFO] IntegrityCheckThread:103 - End integrity checks thread
2024-01-16 23:12:23,187 [ERROR] LogOutputStream:75 - [STDERR_REDIRECT] Jan 16, 2024 11:12:23 PM java.util.prefs.FileSystemPreferences checkLockFile0ErrorCode
2024-01-16 23:12:23,189 [ERROR] LogOutputStream:75 - [STDERR_REDIRECT] WARNING: Could not lock System prefs. Unix error code 0.
2024-01-16 23:12:23,190 [ERROR] LogOutputStream:75 - [STDERR_REDIRECT] 
2024-01-16 23:12:23,192 [ERROR] LogOutputStream:75 - [STDERR_REDIRECT] Jan 16, 2024 11:12:23 PM java.util.prefs.FileSystemPreferences syncWorld
2024-01-16 23:12:23,193 [ERROR] LogOutputStream:75 - [STDERR_REDIRECT] WARNING: Couldn't flush system prefs: java.util.prefs.BackingStoreException: Couldn't get file lock.
2024-01-16 23:12:23,193 [ERROR] LogOutputStream:75 - [STDERR_REDIRECT] 
2024-01-16 23:12:31,570 [INFO] McuFinderGlobals:63 - Set McuFinder mode to 2 (CubeIDE integrated)
2024-01-16 23:12:31,572 [INFO] MainUpdater:2873 - connection check result : 10
2024-01-16 23:12:31,929 [INFO] ApiDb:581 - Connected to CubeFinder SQLite database (/home/benjaminowen/.stmcufinder/plugins/mcufinder/mcu/cube-finder-db.db)
2024-01-16 23:12:31,986 [INFO] ApiDb:668 - CubeFinder database Data Model version=2.1
2024-01-16 23:12:31,986 [INFO] ApiDb:669 - CubeFinder database Configuration version=3.0.39
2024-01-16 23:12:31,987 [INFO] ApiDb:670 - CubeFinder database generation date=2023-11-06 (1699269565)
2024-01-16 23:12:31,987 [INFO] ApiDb:671 - CubeFinder database FW Pack versions=[FP-ATR-ASTRA1_V2.0.0, FP-SNS-FLIGHT1_V5.0.1, FP-SNS-FLIGHT1_V5.0.2, FP-SNS-MOTENV1_V4.3.1, FP-SNS-MOTENV1_V4.3.2, FP-SNS-MOTENVWB1_V1.3.0, FP-SNS-SMARTAG2_V1.2.0, STM32Cube_FW_C0_V1.1.0, STM32Cube_FW_F4_V1.28.0, STM32Cube_FW_F7_V1.17.0, STM32Cube_FW_G0_V1.6.1, STM32Cube_FW_G4_V1.5.1, STM32Cube_FW_H5_V0.5.1, STM32Cube_FW_H5_V1.1.1, STM32Cube_FW_H5_V1.2.0RC2, STM32Cube_FW_H7_V1.11.0, STM32Cube_FW_L0_V1.12.2, STM32Cube_FW_L5_V1.5.0, STM32Cube_FW_U5_V1.3.0RC4, STM32Cube_FW_U5_V1.4.0, STM32Cube_FW_WBA_V1.0.0RC1, STM32Cube_FW_WBA_V1.1.0RC1, STM32Cube_FW_WBA_V1.2.0, STM32Cube_FW_WBA_V1.2.0RC2, STM32Cube_FW_WB_V1.15.0RC1, STM32Cube_FW_WB_V1.16.0, STM32Cube_FW_WB_V1.16.0RC2, STM32Cube_FW_WB_V1.18.0, STM32Cube_FW_WL_V1.3.0, X-CUBE-ALGOBUILD_V1.3.0, X-CUBE-ALS_V1.0.1, X-CUBE-AZRTOS-F4_V1.1.0, X-CUBE-AZRTOS-F7_V1.1.0, X-CUBE-AZRTOS-G0_V1.1.0, X-CUBE-AZRTOS-G4_V2.0.0, X-CUBE-AZRTOS-H7_V3.1.0, X-CUBE-AZRTOS-L4_V1.0.0, X-CUBE-AZRTOS-L4_V2.0.0, X-CUBE-AZRTOS-L5_V1.1.0, X-CUBE-AZRTOS-WB_V2.0.0, X-CUBE-AZRTOS-WL_V2.0.0, X-CUBE-BLE1_V7.0.0, X-CUBE-BLE2_V3.3.0, X-CUBE-BLEMGR_V2.0.0, X-CUBE-EEPRMA1_V4.1.0, X-CUBE-EEPRMA1_V4.2.0, X-CUBE-FREERTOS_V1.1.0, X-CUBE-GNSS1_V6.0.0, X-CUBE-MEMS1_V10.0.0, X-CUBE-MEMS1_V9.1.0, X-CUBE-MEMS1_V9.4.0, X-CUBE-MEMS1_V9.6.0, X-CUBE-NFC4_V3.0.0, X-CUBE-NFC7_V1.0.1, X-CUBE-SFXS2LP1_V4.0.0, X-CUBE-SUBG2_V5.0.0, X-CUBE-TOF1_V3.3.1]
2024-01-16 23:12:32,054 [INFO] DbBoardsSqlite:226 - include board P-NUCLEO-WB55-NUCLEO as a kit item of type 'Nucleo-64'
2024-01-16 23:12:32,054 [INFO] DbBoardsSqlite:226 - include board P-NUCLEO-WB55-USBDONGLE as a kit item of type 'Nucleo USB Dongle'
2024-01-16 23:12:32,055 [INFO] DbBoardsSqlite:226 - include board STEVAL-IDP005V1 as a kit item of type 'Evaluation Board'
2024-01-16 23:12:32,055 [INFO] DbBoardsSqlite:226 - include board STEVAL-IDP005V2 as a kit item of type 'Evaluation Board'
2024-01-16 23:12:32,105 [INFO] ApiDb:240 - Found 371 in-development CPN: [B-G473E-ZEST1S, B-WB1M-WPAN1, B-WL5M-SUBG1, NUCLEO-C031C6, NUCLEO-H503RB, NUCLEO-H563ZI, NUCLEO-U545RE-Q, NUCLEO-U5A5ZJ-Q, NUCLEO-WBA52CG, NUCLEO-WBA55CG, STEVAL-MKBOXPRO, STEVAL-PROTEUS1, STEVAL-STWINBX1, STM320518-EVAL, STM32C0116-DK, STM32C011D6Y3TR, STM32C011D6Y6TR, STM32C011F4P3, STM32C011F4P6, STM32C011F4U3, STM32C011F4U6TR, STM32C011F6P3, STM32C011F6P6, STM32C011F6U3, STM32C011F6U6TR, STM32C011J4M3, STM32C011J4M6, STM32C011J6M3, STM32C011J6M6, STM32C0316-DK, STM32C031C4T3, STM32C031C4T6, STM32C031C4U3, STM32C031C4U6, STM32C031C6T3, STM32C031C6T6, STM32C031C6U3, STM32C031C6U6, STM32C031F4P3, STM32C031F4P6, STM32C031F6P3, STM32C031F6P6, STM32C031G4U3, STM32C031G4U6, STM32C031G6U3, STM32C031G6U6, STM32C031K4T3, STM32C031K4T6, STM32C031K4U3, STM32C031K4U6, STM32C031K6T3, STM32C031K6T6, STM32C031K6U3, STM32C031K6U6, STM32G071K8TXN, STM32G071K8UXN, STM32G081GBU6N, STM32G081KBT6N, STM32G081KBUXN, STM32G0B1CCT6N, STM32G0B1KCT6, STM32G0B1NEY6TR, STM32G0B1RCT6N, STM32G0C1CCT6, STM32G0C1CCT6N, STM32G0C1CCU6N, STM32G0C1CET6N, STM32G0C1CEU6N, STM32G0C1KCT6, STM32G0C1NEY6TR, STM32G0C1RCI6N, STM32G0C1RCT6N, STM32G0C1REI6N, STM32G0C1RET6N, STM32G0C1VCI6, STM32G0C1VEI6, STM32G471CCT6, STM32G471CCU6, STM32G471CET3, STM32G471CET6, STM32G471CEU3, STM32G471CEU6, STM32G471MCT6, STM32G471MET3, STM32G471MET6, STM32G471MEY6TR, STM32G471QCT6, STM32G471QET3, STM32G471RCT6, STM32G471RET3, STM32G471RET6, STM32G471VCH6, STM32G471VCI6, STM32G471VCT6, STM32G471VEH3, STM32G471VEH6, STM32G471VEI3, STM32G471VEI6, STM32G471VET3, STM32G471VET6, STM32G474CCT6, STM32H503CBT6, STM32H503CBU6, STM32H503EBY6TR, STM32H503KBU6, STM32H503RBT6, STM32H562AGI6, STM32H562AII6, STM32H562IGK6, STM32H562IGT6, STM32H562IIK6, STM32H562IIT6, STM32H562RGT6, STM32H562RGV6, STM32H562RIT6, STM32H562RIV6, STM32H562VGT6, STM32H562VIT6, STM32H562ZGT6, STM32H562ZIT6, STM32H563AGI6, STM32H563AII3Q, STM32H563AII6, STM32H563IGK6, STM32H563IGT6, STM32H563IIK3Q, STM32H563IIK6, STM32H563IIT3Q, STM32H563IIT6, STM32H563MIY3QTR, STM32H563RGT6, STM32H563RGV6, STM32H563RIT6, STM32H563RIV6, STM32H563VGT6, STM32H563VIT3Q, STM32H563VIT6, STM32H563ZGT6, STM32H563ZIT3Q, STM32H563ZIT6, STM32H573AII3Q, STM32H573AII6, STM32H573I-DK, STM32H573IIK3Q, STM32H573IIK6, STM32H573IIT3Q, STM32H573IIT6, STM32H573MIY3QTR, STM32H573RIT6, STM32H573RIV6, STM32H573VIT3Q, STM32H573VIT6, STM32H573ZIT3Q, STM32H573ZIT6, STM32L4R5QGI6STR, STM32MP131AAE3, STM32MP131AAF3, STM32MP131AAG3, STM32MP131CAE3, STM32MP131CAF3, STM32MP131CAG3, STM32MP131DAE7, STM32MP131DAF7, STM32MP131DAG7, STM32MP131FAE7, STM32MP131FAF7, STM32MP131FAG7, STM32MP133AAE3, STM32MP133AAF3, STM32MP133AAG3, STM32MP133CAE3, STM32MP133CAF3, STM32MP133CAG3, STM32MP133DAE7, STM32MP133DAF7, STM32MP133DAG7, STM32MP133FAE7, STM32MP133FAF7, STM32MP133FAG7, STM32MP135AAE3, STM32MP135AAF3, STM32MP135AAG3, STM32MP135CAE3, STM32MP135CAF3, STM32MP135CAG3, STM32MP135DAE7, STM32MP135DAF7, STM32MP135DAG7, STM32MP135F-DK, STM32MP135FAE7, STM32MP135FAF7, STM32MP135FAF7T, STM32MP135FAF7U, STM32MP135FAG7, STM32U535CBT6, STM32U535CBT6Q, STM32U535CBU6, STM32U535CBU6Q, STM32U535CCT6, STM32U535CCT6Q, STM32U535CCU6, STM32U535CCU6Q, STM32U535CET6, STM32U535CET6Q, STM32U535CEU6, STM32U535CEU6Q, STM32U535JEY6QTR, STM32U535NCY6QTR, STM32U535NEY6QTR, STM32U535RBI6, STM32U535RBI6Q, STM32U535RBT6, STM32U535RBT6Q, STM32U535RCI6, STM32U535RCI6Q, STM32U535RCT6, STM32U535RCT6Q, STM32U535REI6, STM32U535REI6Q, STM32U535RET6, STM32U535RET6Q, STM32U535VCI6, STM32U535VCI6Q, STM32U535VCT6, STM32U535VCT6Q, STM32U535VEI6, STM32U535VEI6Q, STM32U535VET6, STM32U535VET6Q, STM32U545CET6, STM32U545CET6Q, STM32U545CEU6, STM32U545CEU6Q, STM32U545JEY6QTR, STM32U545NEY6QTR, STM32U545REI6, STM32U545REI6Q, STM32U545RET6, STM32U545RET6Q, STM32U545VEI6, STM32U545VEI6Q, STM32U545VET6, STM32U545VET6Q, STM32U595AIH6, STM32U595AIH6Q, STM32U595AJH6, STM32U595AJH6Q, STM32U595QII6, STM32U595QII6Q, STM32U595QJI6, STM32U595QJI6Q, STM32U595RIT6, STM32U595RIT6Q, STM32U595RJT6, STM32U595RJT6Q, STM32U595VIT6, STM32U595VIT6Q, STM32U595VJT6, STM32U595VJT6Q, STM32U595ZIT6, STM32U595ZIT6Q, STM32U595ZIY6QTR, STM32U595ZJT6, STM32U595ZJT6Q, STM32U595ZJY6QTR, STM32U599BJY6QTR, STM32U599NIH6Q, STM32U599NJH6Q, STM32U599VIT6Q, STM32U599VJT6, STM32U599VJT6Q, STM32U599ZIT6Q, STM32U599ZIY6QTR, STM32U599ZJT6Q, STM32U599ZJY6QTR, STM32U5A5AJH6, STM32U5A5AJH6Q, STM32U5A5QJI6, STM32U5A5QJI6Q, STM32U5A5RJT6, STM32U5A5RJT6Q, STM32U5A5VJT6, STM32U5A5VJT6Q, STM32U5A5ZJT6, STM32U5A5ZJT6Q, STM32U5A5ZJY6QTR, STM32U5A9BJY6QTR, STM32U5A9J-DK, STM32U5A9NJH6Q, STM32U5A9VJT6Q, STM32U5A9ZJT6Q, STM32U5A9ZJY6QTR, STM32U5F7VIT6, STM32U5F7VIT6Q, STM32U5F7VJT6, STM32U5F7VJT6Q, STM32U5F9BJY6QTR, STM32U5F9NJH6Q, STM32U5F9VIT6Q, STM32U5F9VJT6Q, STM32U5F9ZIJ6QTR, STM32U5F9ZIT6Q, STM32U5F9ZJJ6QTR, STM32U5F9ZJT6Q, STM32U5G7VJT6, STM32U5G7VJT6Q, STM32U5G9BJY6QTR, STM32U5G9J-DK1, STM32U5G9J-DK2, STM32U5G9NJH6Q, STM32U5G9VJT6Q, STM32U5G9ZJJ6QTR, STM32U5G9ZJT6Q, STM32WB1MMCH6, STM32WBA50KEU6, STM32WBA50KEU6TR, STM32WBA50KGU6, STM32WBA50KGU6TR, STM32WBA52CEU6, STM32WBA52CEU6TR, STM32WBA52CEU7, STM32WBA52CEU7TR, STM32WBA52CGU6, STM32WBA52CGU6TR, STM32WBA52CGU6U, STM32WBA52CGU7, STM32WBA52CGU7TR, STM32WBA52KEU6, STM32WBA52KEU6TR, STM32WBA52KGU6, STM32WBA52KGU6TR, STM32WBA54CEU6, STM32WBA54CEU6TR, STM32WBA54CEU7, STM32WBA54CEU7TR, STM32WBA54CGU6, STM32WBA54CGU6TR, STM32WBA54CGU7, STM32WBA54CGU7TR, STM32WBA54KEU6, STM32WBA54KEU6TR, STM32WBA54KEU7, STM32WBA54KEU7TR, STM32WBA54KGU6, STM32WBA54KGU6TR, STM32WBA54KGU7, STM32WBA54KGU7TR, STM32WBA55CEU6, STM32WBA55CEU6TR, STM32WBA55CEU7, STM32WBA55CEU7TR, STM32WBA55CGU6, STM32WBA55CGU6TR, STM32WBA55CGU6U, STM32WBA55CGU7, STM32WBA55CGU7TR, STM32WBA55G-DK1, STM32WBA55HEF6, STM32WBA55HEF7, STM32WBA55HGF6, STM32WBA55HGF7, STM32WBA55UEI6, STM32WBA55UEI6TR, STM32WBA55UEI7, STM32WBA55UEI7TR, STM32WBA55UGI6, STM32WBA55UGI6TR, STM32WBA55UGI7, STM32WBA55UGI7TR, STM32WL5MOCH6, STM32WL5MOCH6TR]
2024-01-16 23:12:32,194 [INFO] BoardInfo:889 - No configuration file found for board P-NUCLEO-WB55
2024-01-16 23:12:32,195 [INFO] DbBoards:161 - Kit is not supported: P-NUCLEO-WB55
2024-01-16 23:12:32,198 [INFO] BoardInfo:889 - No configuration file found for board STEVAL-BFA001V1B
2024-01-16 23:12:32,198 [INFO] DbBoards:161 - Kit is not supported: STEVAL-BFA001V1B
2024-01-16 23:12:32,199 [INFO] BoardInfo:889 - No configuration file found for board STEVAL-BFA001V2B
2024-01-16 23:12:32,199 [INFO] DbBoards:161 - Kit is not supported: STEVAL-BFA001V2B
2024-01-16 23:12:32,304 [INFO] DbBoards:168 - Found 193 boards, 190 are supported
2024-01-16 23:12:32,304 [INFO] DbBoards:169 - Found 193 boards, 3 of them is supported for  Bsp
2024-01-16 23:12:32,308 [INFO] ApiDb:668 - CubeFinder database Data Model version=2.1
2024-01-16 23:12:32,308 [INFO] ApiDb:669 - CubeFinder database Configuration version=3.0.39
2024-01-16 23:12:32,308 [INFO] ApiDb:670 - CubeFinder database generation date=2023-11-06 (1699269565)
2024-01-16 23:12:32,308 [INFO] ApiDb:671 - CubeFinder database FW Pack versions=[FP-ATR-ASTRA1_V2.0.0, FP-SNS-FLIGHT1_V5.0.1, FP-SNS-FLIGHT1_V5.0.2, FP-SNS-MOTENV1_V4.3.1, FP-SNS-MOTENV1_V4.3.2, FP-SNS-MOTENVWB1_V1.3.0, FP-SNS-SMARTAG2_V1.2.0, STM32Cube_FW_C0_V1.1.0, STM32Cube_FW_F4_V1.28.0, STM32Cube_FW_F7_V1.17.0, STM32Cube_FW_G0_V1.6.1, STM32Cube_FW_G4_V1.5.1, STM32Cube_FW_H5_V0.5.1, STM32Cube_FW_H5_V1.1.1, STM32Cube_FW_H5_V1.2.0RC2, STM32Cube_FW_H7_V1.11.0, STM32Cube_FW_L0_V1.12.2, STM32Cube_FW_L5_V1.5.0, STM32Cube_FW_U5_V1.3.0RC4, STM32Cube_FW_U5_V1.4.0, STM32Cube_FW_WBA_V1.0.0RC1, STM32Cube_FW_WBA_V1.1.0RC1, STM32Cube_FW_WBA_V1.2.0, STM32Cube_FW_WBA_V1.2.0RC2, STM32Cube_FW_WB_V1.15.0RC1, STM32Cube_FW_WB_V1.16.0, STM32Cube_FW_WB_V1.16.0RC2, STM32Cube_FW_WB_V1.18.0, STM32Cube_FW_WL_V1.3.0, X-CUBE-ALGOBUILD_V1.3.0, X-CUBE-ALS_V1.0.1, X-CUBE-AZRTOS-F4_V1.1.0, X-CUBE-AZRTOS-F7_V1.1.0, X-CUBE-AZRTOS-G0_V1.1.0, X-CUBE-AZRTOS-G4_V2.0.0, X-CUBE-AZRTOS-H7_V3.1.0, X-CUBE-AZRTOS-L4_V1.0.0, X-CUBE-AZRTOS-L4_V2.0.0, X-CUBE-AZRTOS-L5_V1.1.0, X-CUBE-AZRTOS-WB_V2.0.0, X-CUBE-AZRTOS-WL_V2.0.0, X-CUBE-BLE1_V7.0.0, X-CUBE-BLE2_V3.3.0, X-CUBE-BLEMGR_V2.0.0, X-CUBE-EEPRMA1_V4.1.0, X-CUBE-EEPRMA1_V4.2.0, X-CUBE-FREERTOS_V1.1.0, X-CUBE-GNSS1_V6.0.0, X-CUBE-MEMS1_V10.0.0, X-CUBE-MEMS1_V9.1.0, X-CUBE-MEMS1_V9.4.0, X-CUBE-MEMS1_V9.6.0, X-CUBE-NFC4_V3.0.0, X-CUBE-NFC7_V1.0.1, X-CUBE-SFXS2LP1_V4.0.0, X-CUBE-SUBG2_V5.0.0, X-CUBE-TOF1_V3.3.1]
2024-01-16 23:12:34,336 [INFO] ApiDb:240 - Found 371 in-development CPN: [B-G473E-ZEST1S, B-WB1M-WPAN1, B-WL5M-SUBG1, NUCLEO-C031C6, NUCLEO-H503RB, NUCLEO-H563ZI, NUCLEO-U545RE-Q, NUCLEO-U5A5ZJ-Q, NUCLEO-WBA52CG, NUCLEO-WBA55CG, STEVAL-MKBOXPRO, STEVAL-PROTEUS1, STEVAL-STWINBX1, STM320518-EVAL, STM32C0116-DK, STM32C011D6Y3TR, STM32C011D6Y6TR, STM32C011F4P3, STM32C011F4P6, STM32C011F4U3, STM32C011F4U6TR, STM32C011F6P3, STM32C011F6P6, STM32C011F6U3, STM32C011F6U6TR, STM32C011J4M3, STM32C011J4M6, STM32C011J6M3, STM32C011J6M6, STM32C0316-DK, STM32C031C4T3, STM32C031C4T6, STM32C031C4U3, STM32C031C4U6, STM32C031C6T3, STM32C031C6T6, STM32C031C6U3, STM32C031C6U6, STM32C031F4P3, STM32C031F4P6, STM32C031F6P3, STM32C031F6P6, STM32C031G4U3, STM32C031G4U6, STM32C031G6U3, STM32C031G6U6, STM32C031K4T3, STM32C031K4T6, STM32C031K4U3, STM32C031K4U6, STM32C031K6T3, STM32C031K6T6, STM32C031K6U3, STM32C031K6U6, STM32G071K8TXN, STM32G071K8UXN, STM32G081GBU6N, STM32G081KBT6N, STM32G081KBUXN, STM32G0B1CCT6N, STM32G0B1KCT6, STM32G0B1NEY6TR, STM32G0B1RCT6N, STM32G0C1CCT6, STM32G0C1CCT6N, STM32G0C1CCU6N, STM32G0C1CET6N, STM32G0C1CEU6N, STM32G0C1KCT6, STM32G0C1NEY6TR, STM32G0C1RCI6N, STM32G0C1RCT6N, STM32G0C1REI6N, STM32G0C1RET6N, STM32G0C1VCI6, STM32G0C1VEI6, STM32G471CCT6, STM32G471CCU6, STM32G471CET3, STM32G471CET6, STM32G471CEU3, STM32G471CEU6, STM32G471MCT6, STM32G471MET3, STM32G471MET6, STM32G471MEY6TR, STM32G471QCT6, STM32G471QET3, STM32G471RCT6, STM32G471RET3, STM32G471RET6, STM32G471VCH6, STM32G471VCI6, STM32G471VCT6, STM32G471VEH3, STM32G471VEH6, STM32G471VEI3, STM32G471VEI6, STM32G471VET3, STM32G471VET6, STM32G474CCT6, STM32H503CBT6, STM32H503CBU6, STM32H503EBY6TR, STM32H503KBU6, STM32H503RBT6, STM32H562AGI6, STM32H562AII6, STM32H562IGK6, STM32H562IGT6, STM32H562IIK6, STM32H562IIT6, STM32H562RGT6, STM32H562RGV6, STM32H562RIT6, STM32H562RIV6, STM32H562VGT6, STM32H562VIT6, STM32H562ZGT6, STM32H562ZIT6, STM32H563AGI6, STM32H563AII3Q, STM32H563AII6, STM32H563IGK6, STM32H563IGT6, STM32H563IIK3Q, STM32H563IIK6, STM32H563IIT3Q, STM32H563IIT6, STM32H563MIY3QTR, STM32H563RGT6, STM32H563RGV6, STM32H563RIT6, STM32H563RIV6, STM32H563VGT6, STM32H563VIT3Q, STM32H563VIT6, STM32H563ZGT6, STM32H563ZIT3Q, STM32H563ZIT6, STM32H573AII3Q, STM32H573AII6, STM32H573I-DK, STM32H573IIK3Q, STM32H573IIK6, STM32H573IIT3Q, STM32H573IIT6, STM32H573MIY3QTR, STM32H573RIT6, STM32H573RIV6, STM32H573VIT3Q, STM32H573VIT6, STM32H573ZIT3Q, STM32H573ZIT6, STM32L4R5QGI6STR, STM32MP131AAE3, STM32MP131AAF3, STM32MP131AAG3, STM32MP131CAE3, STM32MP131CAF3, STM32MP131CAG3, STM32MP131DAE7, STM32MP131DAF7, STM32MP131DAG7, STM32MP131FAE7, STM32MP131FAF7, STM32MP131FAG7, STM32MP133AAE3, STM32MP133AAF3, STM32MP133AAG3, STM32MP133CAE3, STM32MP133CAF3, STM32MP133CAG3, STM32MP133DAE7, STM32MP133DAF7, STM32MP133DAG7, STM32MP133FAE7, STM32MP133FAF7, STM32MP133FAG7, STM32MP135AAE3, STM32MP135AAF3, STM32MP135AAG3, STM32MP135CAE3, STM32MP135CAF3, STM32MP135CAG3, STM32MP135DAE7, STM32MP135DAF7, STM32MP135DAG7, STM32MP135F-DK, STM32MP135FAE7, STM32MP135FAF7, STM32MP135FAF7T, STM32MP135FAF7U, STM32MP135FAG7, STM32U535CBT6, STM32U535CBT6Q, STM32U535CBU6, STM32U535CBU6Q, STM32U535CCT6, STM32U535CCT6Q, STM32U535CCU6, STM32U535CCU6Q, STM32U535CET6, STM32U535CET6Q, STM32U535CEU6, STM32U535CEU6Q, STM32U535JEY6QTR, STM32U535NCY6QTR, STM32U535NEY6QTR, STM32U535RBI6, STM32U535RBI6Q, STM32U535RBT6, STM32U535RBT6Q, STM32U535RCI6, STM32U535RCI6Q, STM32U535RCT6, STM32U535RCT6Q, STM32U535REI6, STM32U535REI6Q, STM32U535RET6, STM32U535RET6Q, STM32U535VCI6, STM32U535VCI6Q, STM32U535VCT6, STM32U535VCT6Q, STM32U535VEI6, STM32U535VEI6Q, STM32U535VET6, STM32U535VET6Q, STM32U545CET6, STM32U545CET6Q, STM32U545CEU6, STM32U545CEU6Q, STM32U545JEY6QTR, STM32U545NEY6QTR, STM32U545REI6, STM32U545REI6Q, STM32U545RET6, STM32U545RET6Q, STM32U545VEI6, STM32U545VEI6Q, STM32U545VET6, STM32U545VET6Q, STM32U595AIH6, STM32U595AIH6Q, STM32U595AJH6, STM32U595AJH6Q, STM32U595QII6, STM32U595QII6Q, STM32U595QJI6, STM32U595QJI6Q, STM32U595RIT6, STM32U595RIT6Q, STM32U595RJT6, STM32U595RJT6Q, STM32U595VIT6, STM32U595VIT6Q, STM32U595VJT6, STM32U595VJT6Q, STM32U595ZIT6, STM32U595ZIT6Q, STM32U595ZIY6QTR, STM32U595ZJT6, STM32U595ZJT6Q, STM32U595ZJY6QTR, STM32U599BJY6QTR, STM32U599NIH6Q, STM32U599NJH6Q, STM32U599VIT6Q, STM32U599VJT6, STM32U599VJT6Q, STM32U599ZIT6Q, STM32U599ZIY6QTR, STM32U599ZJT6Q, STM32U599ZJY6QTR, STM32U5A5AJH6, STM32U5A5AJH6Q, STM32U5A5QJI6, STM32U5A5QJI6Q, STM32U5A5RJT6, STM32U5A5RJT6Q, STM32U5A5VJT6, STM32U5A5VJT6Q, STM32U5A5ZJT6, STM32U5A5ZJT6Q, STM32U5A5ZJY6QTR, STM32U5A9BJY6QTR, STM32U5A9J-DK, STM32U5A9NJH6Q, STM32U5A9VJT6Q, STM32U5A9ZJT6Q, STM32U5A9ZJY6QTR, STM32U5F7VIT6, STM32U5F7VIT6Q, STM32U5F7VJT6, STM32U5F7VJT6Q, STM32U5F9BJY6QTR, STM32U5F9NJH6Q, STM32U5F9VIT6Q, STM32U5F9VJT6Q, STM32U5F9ZIJ6QTR, STM32U5F9ZIT6Q, STM32U5F9ZJJ6QTR, STM32U5F9ZJT6Q, STM32U5G7VJT6, STM32U5G7VJT6Q, STM32U5G9BJY6QTR, STM32U5G9J-DK1, STM32U5G9J-DK2, STM32U5G9NJH6Q, STM32U5G9VJT6Q, STM32U5G9ZJJ6QTR, STM32U5G9ZJT6Q, STM32WB1MMCH6, STM32WBA50KEU6, STM32WBA50KEU6TR, STM32WBA50KGU6, STM32WBA50KGU6TR, STM32WBA52CEU6, STM32WBA52CEU6TR, STM32WBA52CEU7, STM32WBA52CEU7TR, STM32WBA52CGU6, STM32WBA52CGU6TR, STM32WBA52CGU6U, STM32WBA52CGU7, STM32WBA52CGU7TR, STM32WBA52KEU6, STM32WBA52KEU6TR, STM32WBA52KGU6, STM32WBA52KGU6TR, STM32WBA54CEU6, STM32WBA54CEU6TR, STM32WBA54CEU7, STM32WBA54CEU7TR, STM32WBA54CGU6, STM32WBA54CGU6TR, STM32WBA54CGU7, STM32WBA54CGU7TR, STM32WBA54KEU6, STM32WBA54KEU6TR, STM32WBA54KEU7, STM32WBA54KEU7TR, STM32WBA54KGU6, STM32WBA54KGU6TR, STM32WBA54KGU7, STM32WBA54KGU7TR, STM32WBA55CEU6, STM32WBA55CEU6TR, STM32WBA55CEU7, STM32WBA55CEU7TR, STM32WBA55CGU6, STM32WBA55CGU6TR, STM32WBA55CGU6U, STM32WBA55CGU7, STM32WBA55CGU7TR, STM32WBA55G-DK1, STM32WBA55HEF6, STM32WBA55HEF7, STM32WBA55HGF6, STM32WBA55HGF7, STM32WBA55UEI6, STM32WBA55UEI6TR, STM32WBA55UEI7, STM32WBA55UEI7TR, STM32WBA55UGI6, STM32WBA55UGI6TR, STM32WBA55UGI7, STM32WBA55UGI7TR, STM32WL5MOCH6, STM32WL5MOCH6TR]
2024-01-16 23:12:34,342 [INFO] DbMcus:218 - Found 3930 MCUs, 3930 are supported
2024-01-16 23:12:34,342 [INFO] ApiDb:423 - Load user favorites file /home/benjaminowen/.stm32cubeide/favorites.mcus.txt: 0 item(s)
2024-01-16 23:12:34,342 [INFO] ApiDb:427 - User favorites MCUs=[]
2024-01-16 23:12:34,342 [INFO] DbMcus:224 - Set 0 / 0 favorites MCUs
2024-01-16 23:12:34,565 [INFO] ApiDb:423 - Load user favorites file /home/benjaminowen/.stm32cubeide/favorites.boards.txt: 0 item(s)
2024-01-16 23:12:34,566 [INFO] ApiDb:427 - User favorites Boards=[]
2024-01-16 23:12:34,566 [INFO] DbBoards:198 - Set 0 / 0 favorites Boards
2024-01-16 23:12:34,566 [INFO] McuFinderGlobals:76 - Set McuFinderConnectedMode to true
2024-01-16 23:12:34,580 [INFO] MultiScanPanel:200 - Auto-refresh data requested => check proxy status ongoing
2024-01-16 23:12:34,583 [INFO] FinderPluginLoader:95 - Searching for filters in installed packs
2024-01-16 23:12:36,666 [INFO] ServerAccessManage:473 - Download File 
2024-01-16 23:12:36,690 [INFO] LoadUrlFilesThread:185 - End of LoadServerUrlFiles without Thread
2024-01-16 23:12:36,717 [INFO] DetailPanel:341 - Set advertising image to /home/benjaminowen/STM32Cube/Repository//en.Prom_NBSTM32U50921.jpg
2024-01-16 23:12:53,173 [ERROR] LogOutputStream:75 - [STDERR_REDIRECT] Jan 16, 2024 11:12:53 PM java.util.prefs.FileSystemPreferences checkLockFile0ErrorCode
2024-01-16 23:12:53,173 [ERROR] LogOutputStream:75 - [STDERR_REDIRECT] WARNING: Could not lock System prefs. Unix error code 0.
2024-01-16 23:12:53,174 [ERROR] LogOutputStream:75 - [STDERR_REDIRECT] 
2024-01-16 23:12:53,174 [ERROR] LogOutputStream:75 - [STDERR_REDIRECT] Jan 16, 2024 11:12:53 PM java.util.prefs.FileSystemPreferences syncWorld
2024-01-16 23:12:53,175 [ERROR] LogOutputStream:75 - [STDERR_REDIRECT] WARNING: Couldn't flush system prefs: java.util.prefs.BackingStoreException: Couldn't get file lock.
2024-01-16 23:12:53,175 [ERROR] LogOutputStream:75 - [STDERR_REDIRECT] 
2024-01-16 23:13:12,692 [INFO] MainUpdater:2873 - connection check result : 10
2024-01-16 23:13:12,693 [INFO] MainUpdater:2873 - connection check result : 10
2024-01-16 23:13:12,708 [INFO] MicroXplorer:468 - Change Database Path : 
2024-01-16 23:13:12,708 [INFO] MicroXplorer:498 - Change Database Version : DB.6.0.100
2024-01-16 23:13:12,716 [WARN] ThirdParty:871 - waiting for thirdparty lock release [close project]
2024-01-16 23:13:12,716 [INFO] ThirdParty:873 - entering critical section [close project]
2024-01-16 23:13:12,718 [INFO] ThirdParty:883 - exiting critical section [close project]
2024-01-16 23:13:12,721 [INFO] PinOutPanel:1499 - setPackage(No Configuration,No Configuration)
2024-01-16 23:13:12,728 [INFO] UtilMem:75 - Begin LoadConfig() Used Memory: 478448384 Bytes (699400192)
2024-01-16 23:13:22,904 [INFO] MicroXplorer:468 - Change Database Path : 
2024-01-16 23:13:22,904 [INFO] MicroXplorer:498 - Change Database Version : DB.6.0.100
2024-01-16 23:13:22,904 [INFO] OpenFileManager:312 - Change cursor
2024-01-16 23:13:22,936 [INFO] Mcu:2016 - Initializing MCU STM32F446R(C-E)Tx STM32F446RETx STM32F446RET6
2024-01-16 23:13:23,188 [ERROR] LogOutputStream:75 - [STDERR_REDIRECT] Jan 16, 2024 11:13:23 PM java.util.prefs.FileSystemPreferences checkLockFile0ErrorCode
2024-01-16 23:13:23,189 [ERROR] LogOutputStream:75 - [STDERR_REDIRECT] WARNING: Could not lock System prefs. Unix error code 29809.
2024-01-16 23:13:23,189 [ERROR] LogOutputStream:75 - [STDERR_REDIRECT] 
2024-01-16 23:13:23,189 [ERROR] LogOutputStream:75 - [STDERR_REDIRECT] Jan 16, 2024 11:13:23 PM java.util.prefs.FileSystemPreferences syncWorld
2024-01-16 23:13:23,189 [ERROR] LogOutputStream:75 - [STDERR_REDIRECT] WARNING: Couldn't flush system prefs: java.util.prefs.BackingStoreException: Couldn't get file lock.
2024-01-16 23:13:23,190 [ERROR] LogOutputStream:75 - [STDERR_REDIRECT] 
2024-01-16 23:13:24,334 [INFO] Context:659 - Trying to add GPIOservice into a context  which must be forbidden
2024-01-16 23:13:24,936 [INFO] RtosManager:555 - Registered RTOS mode: class=CMSIS, group=RTOS, mode=CMSIS_V1, owner=FREERTOS
2024-01-16 23:13:24,937 [INFO] RtosManager:555 - Registered RTOS mode: class=CMSIS, group=RTOS2, mode=CMSIS_V2, owner=FREERTOS
2024-01-16 23:13:24,937 [INFO] RtosManager:555 - Registered RTOS mode: class=RTOS, group=Core, mode=CMSIS_V1, owner=FREERTOS
2024-01-16 23:13:24,937 [INFO] RtosManager:555 - Registered RTOS mode: class=RTOS, group=Core, mode=CMSIS_V2, owner=FREERTOS
2024-01-16 23:13:24,937 [WARN] ModelIntegratedComponent:184 - Missing modes for component STMicroelectronics:FreeRTOS:0.0.1:STMicroelectronics:RTOS:FreeRTOS:Core:::10.2.0:
2024-01-16 23:13:24,952 [WARN] ModelIntegratedComponent:63 - No mode defined for component null
2024-01-16 23:13:24,952 [WARN] ModelIntegratedComponent:63 - No mode defined for component null
2024-01-16 23:13:24,952 [WARN] ModelIntegratedComponent:63 - No mode defined for component null
2024-01-16 23:13:24,952 [WARN] ModelIntegratedComponent:63 - No mode defined for component null
2024-01-16 23:13:24,952 [WARN] ModelIntegratedComponent:63 - No mode defined for component null
2024-01-16 23:13:24,952 [WARN] ModelIntegratedComponent:63 - No mode defined for component null
2024-01-16 23:13:24,952 [WARN] ModelIntegratedComponent:63 - No mode defined for component null
2024-01-16 23:13:24,953 [WARN] ModelIntegratedComponent:63 - No mode defined for component null
2024-01-16 23:13:24,953 [WARN] ModelIntegratedComponent:63 - No mode defined for component null
2024-01-16 23:13:24,953 [WARN] ModelIntegratedComponent:63 - No mode defined for component null
2024-01-16 23:13:24,953 [WARN] ModelIntegratedComponent:63 - No mode defined for component null
2024-01-16 23:13:24,953 [WARN] ModelIntegratedComponent:63 - No mode defined for component null
2024-01-16 23:13:24,953 [WARN] ModelIntegratedComponent:63 - No mode defined for component null
2024-01-16 23:13:24,953 [WARN] ModelIntegratedComponent:63 - No mode defined for component null
2024-01-16 23:13:24,953 [WARN] ModelIntegratedComponent:63 - No mode defined for component null
2024-01-16 23:13:24,953 [WARN] ModelIntegratedComponent:63 - No mode defined for component null
2024-01-16 23:13:24,953 [WARN] ModelIntegratedComponent:63 - No mode defined for component null
2024-01-16 23:13:24,953 [WARN] ModelIntegratedComponent:63 - No mode defined for component null
2024-01-16 23:13:24,953 [WARN] ModelIntegratedComponent:63 - No mode defined for component null
2024-01-16 23:13:24,953 [WARN] ModelIntegratedComponent:63 - No mode defined for component null
2024-01-16 23:13:24,953 [WARN] ModelIntegratedComponent:63 - No mode defined for component null
2024-01-16 23:13:24,953 [WARN] ModelIntegratedComponent:63 - No mode defined for component null
2024-01-16 23:13:24,953 [WARN] ModelIntegratedComponent:63 - No mode defined for component null
2024-01-16 23:13:24,953 [WARN] ModelIntegratedComponent:63 - No mode defined for component null
2024-01-16 23:13:24,953 [WARN] ModelIntegratedComponent:63 - No mode defined for component null
2024-01-16 23:13:24,953 [WARN] ModelIntegratedComponent:63 - No mode defined for component null
2024-01-16 23:13:24,953 [WARN] ModelIntegratedComponent:63 - No mode defined for component null
2024-01-16 23:13:24,953 [WARN] ModelIntegratedComponent:63 - No mode defined for component null
2024-01-16 23:13:24,954 [WARN] ModelIntegratedComponent:63 - No mode defined for component null
2024-01-16 23:13:24,954 [WARN] ModelIntegratedComponent:63 - No mode defined for component null
2024-01-16 23:13:24,954 [WARN] ModelIntegratedComponent:63 - No mode defined for component null
2024-01-16 23:13:24,954 [WARN] ModelIntegratedComponent:63 - No mode defined for component null
2024-01-16 23:13:24,954 [WARN] ModelIntegratedComponent:63 - No mode defined for component null
2024-01-16 23:13:25,274 [INFO] ThirdPartyModel:298 - Start build external matchings
2024-01-16 23:13:25,661 [INFO] ThirdPartyModel:316 - End build external matchings
2024-01-16 23:13:25,678 [INFO] ImportTextPane:194 - (OptionalMessage_ERROR) IP (RCC) : Invalid parameter (48MHZClocksFreq_Value)
2024-01-16 23:13:25,678 [INFO] ImportTextPane:194 - (OptionalMessage_ERROR) IP (RCC) : Invalid parameter (EthernetFreq_Value)
2024-01-16 23:13:25,681 [INFO] ImportTextPane:194 - (OptionalMessage_ERROR) IP (RCC) : Parameter (FLatency) has Id (AdvancedSettings) currently not set
2024-01-16 23:13:25,681 [INFO] ImportTextPane:194 - (OptionalMessage_ERROR) IP (RCC) : Invalid parameter (FamilyName)
2024-01-16 23:13:25,681 [INFO] ImportTextPane:194 - (OptionalMessage_ERROR) IP (RCC) : Invalid parameter (I2SClocksFreq_Value)
2024-01-16 23:13:25,682 [INFO] ImportTextPane:194 - (OptionalMessage_ERROR) IP (RCC) : Parameter (SDIOFreq_Value) has invalid value (168000000)
2024-01-16 23:13:25,682 [INFO] ImportTextPane:194 - (OptionalMessage_ERROR) IP (RCC) : Parameter (USBFreq_Value) has invalid value (168000000)
2024-01-16 23:13:25,682 [INFO] ImportTextPane:194 - (OptionalMessage_ERROR) IP (RCC) : Invalid parameter (VCOInputMFreq_Value)
2024-01-16 23:13:25,683 [INFO] ImportTextPane:194 - (OptionalMessage_ERROR) IP (RCC) : Invalid parameter (VcooutputI2S)
2024-01-16 23:13:25,912 [INFO] UtilMem:75 - End LoadConfig() Used Memory: 306541480 Bytes (699400192)
2024-01-16 23:13:26,093 [INFO] MicroXplorer:468 - Change Database Path : 
2024-01-16 23:13:26,094 [INFO] MicroXplorer:498 - Change Database Version : DB.6.0.100
2024-01-16 23:13:26,094 [WARN] ThirdParty:833 - waiting for thirdparty lock release [change project]
2024-01-16 23:13:26,094 [INFO] ThirdParty:835 - entering critical section [change project]
2024-01-16 23:13:26,094 [INFO] ThirdParty:1030 - CMSIS Pack Vendor :STMicroelectronics USBPD 4.1
2024-01-16 23:13:26,095 [INFO] ThirdParty:1030 - CMSIS Pack Vendor :RoweBots I-CUBE-UNISONRTOS 5.5.0-4
2024-01-16 23:13:26,095 [INFO] ThirdParty:1030 - CMSIS Pack Vendor :STMicroelectronics X-CUBE-GNSS1 6.0.0
2024-01-16 23:13:26,095 [INFO] ThirdParty:1030 - CMSIS Pack Vendor :STMicroelectronics USB_HOST 2.0.0
2024-01-16 23:13:26,095 [INFO] ThirdParty:1030 - CMSIS Pack Vendor :STMicroelectronics X-CUBE-AZRTOS-F4 1.1.0
2024-01-16 23:13:26,095 [INFO] ThirdParty:1030 - CMSIS Pack Vendor :STMicroelectronics LIBJPEG 8.0.0
2024-01-16 23:13:26,095 [INFO] ThirdParty:1030 - CMSIS Pack Vendor :STMicroelectronics X-CUBE-SMBUS 2.1.0
2024-01-16 23:13:26,095 [INFO] ThirdParty:1030 - CMSIS Pack Vendor :STMicroelectronics USB_DEVICE 3.0.0
2024-01-16 23:13:26,095 [INFO] ThirdParty:1030 - CMSIS Pack Vendor :STMicroelectronics X-CUBE-AZRTOS-WB 2.0.0
2024-01-16 23:13:26,095 [INFO] ThirdParty:1030 - CMSIS Pack Vendor :wolfSSL I-CUBE-wolfSSL 5.6.6
2024-01-16 23:13:26,096 [INFO] ThirdParty:1030 - CMSIS Pack Vendor :STMicroelectronics X-CUBE-TOUCHGFX 4.23.0
2024-01-16 23:13:26,100 [INFO] ThirdParty:1030 - CMSIS Pack Vendor :STMicroelectronics X-CUBE-AZRTOS-F7 1.1.0
2024-01-16 23:13:26,100 [INFO] ThirdParty:1030 - CMSIS Pack Vendor :STMicroelectronics X-CUBE-AZRTOS-L5 2.0.0
2024-01-16 23:13:26,101 [INFO] ThirdParty:1030 - CMSIS Pack Vendor :STMicroelectronics USB_DEVICE 2.0.0
2024-01-16 23:13:26,101 [INFO] ThirdParty:1030 - CMSIS Pack Vendor :STMicroelectronics X-CUBE-EEPRMA1 4.2.0
2024-01-16 23:13:26,101 [INFO] ThirdParty:1030 - CMSIS Pack Vendor :ITTIA_DB I-CUBE-ITTIADB 8.8.0
2024-01-16 23:13:26,101 [INFO] ThirdParty:1030 - CMSIS Pack Vendor :STMicroelectronics FP-SNS-MOTENV1 4.3.2
2024-01-16 23:13:26,101 [INFO] ThirdParty:1030 - CMSIS Pack Vendor :STMicroelectronics X-CUBE-ALGOBUILD 1.3.0
2024-01-16 23:13:26,101 [INFO] ThirdParty:1030 - CMSIS Pack Vendor :STMicroelectronics FreeRTOS 0.0.1
2024-01-16 23:13:26,101 [INFO] ThirdParty:1030 - CMSIS Pack Vendor :STMicroelectronics X-CUBE-AZRTOS-G0 1.1.0
2024-01-16 23:13:26,101 [INFO] ThirdParty:1030 - CMSIS Pack Vendor :STMicroelectronics X-CUBE-NFC4 3.0.0
2024-01-16 23:13:26,101 [INFO] ThirdParty:1030 - CMSIS Pack Vendor :STMicroelectronics X-CUBE-SUBG2 5.0.0
2024-01-16 23:13:26,101 [INFO] ThirdParty:1030 - CMSIS Pack Vendor :STMicroelectronics STM32_WPAN 1.0.0
2024-01-16 23:13:26,101 [INFO] ThirdParty:1030 - CMSIS Pack Vendor :STMicroelectronics lwIP 2.0.3
2024-01-16 23:13:26,101 [INFO] ThirdParty:1030 - CMSIS Pack Vendor :STMicroelectronics FP-SNS-FLIGHT1 5.0.2
2024-01-16 23:13:26,101 [INFO] ThirdParty:1030 - CMSIS Pack Vendor :STMicroelectronics USB_HOST 1.0.0
2024-01-16 23:13:26,101 [INFO] ThirdParty:1030 - CMSIS Pack Vendor :STMicroelectronics X-CUBE-AZRTOS-G4 2.0.0
2024-01-16 23:13:26,102 [INFO] ThirdParty:1030 - CMSIS Pack Vendor :STMicroelectronics PDM2PCM 3.1.0
2024-01-16 23:13:26,102 [INFO] ThirdParty:1030 - CMSIS Pack Vendor :Infineon AIROC-Wi-Fi-Bluetooth-STM32 1.5.1
2024-01-16 23:13:26,102 [INFO] ThirdParty:1030 - CMSIS Pack Vendor :STMicroelectronics X-CUBE-BLEMGR 3.0.0
2024-01-16 23:13:26,102 [INFO] ThirdParty:1030 - CMSIS Pack Vendor :STMicroelectronics PDM2PCM 3.3.0
2024-01-16 23:13:26,102 [INFO] ThirdParty:1030 - CMSIS Pack Vendor :STMicroelectronics X-CUBE-DISPLAY 3.0.0
2024-01-16 23:13:26,102 [INFO] ThirdParty:1030 - CMSIS Pack Vendor :STMicroelectronics FP-SNS-MOTENVWB1 1.3.1
2024-01-16 23:13:26,102 [INFO] ThirdParty:1030 - CMSIS Pack Vendor :STMicroelectronics X-CUBE-BLE1 7.0.0
2024-01-16 23:13:26,102 [INFO] ThirdParty:1030 - CMSIS Pack Vendor :STMicroelectronics FP-ATR-SIGFOX1 3.2.0
2024-01-16 23:13:26,102 [INFO] ThirdParty:1030 - CMSIS Pack Vendor :STMicroelectronics X-CUBE-ISPU 2.0.0
2024-01-16 23:13:26,102 [INFO] ThirdParty:1030 - CMSIS Pack Vendor :STMicroelectronics HAL Drivers 0.0.0
2024-01-16 23:13:26,102 [INFO] ThirdParty:1030 - CMSIS Pack Vendor :STMicroelectronics MBEDTLS 2.16.2
2024-01-16 23:13:26,102 [INFO] ThirdParty:1030 - CMSIS Pack Vendor :emotas I-CUBE-CANOPEN 1.3.0
2024-01-16 23:13:26,102 [INFO] ThirdParty:1030 - CMSIS Pack Vendor :STMicroelectronics X-CUBE-MEMS1 10.0.0
2024-01-16 23:13:26,102 [INFO] ThirdParty:1030 - CMSIS Pack Vendor :STMicroelectronics X-CUBE-FREERTOS 1.1.0
2024-01-16 23:13:26,102 [INFO] ThirdParty:1030 - CMSIS Pack Vendor :STMicroelectronics X-CUBE-NFC7 1.0.1
2024-01-16 23:13:26,103 [INFO] ThirdParty:1030 - CMSIS Pack Vendor :STMicroelectronics MBEDTLS 2.14.1
2024-01-16 23:13:26,103 [INFO] ThirdParty:1030 - CMSIS Pack Vendor :STMicroelectronics X-CUBE-NFC6 3.0.0
2024-01-16 23:13:26,103 [INFO] ThirdParty:1030 - CMSIS Pack Vendor :portGmbH I-Cube-SoM-uGOAL 1.1.0
2024-01-16 23:13:26,103 [INFO] ThirdParty:1030 - CMSIS Pack Vendor :STMicroelectronics X-CUBE-ALS 1.0.1
2024-01-16 23:13:26,103 [INFO] ThirdParty:1030 - CMSIS Pack Vendor :STMicroelectronics ThreadX 1.0.0
2024-01-16 23:13:26,103 [INFO] ThirdParty:1030 - CMSIS Pack Vendor :STMicroelectronics FP-SNS-SMARTAG2 1.2.0
2024-01-16 23:13:26,103 [INFO] ThirdParty:1030 - CMSIS Pack Vendor :STMicroelectronics X-CUBE-AZRTOS-WL 2.0.0
2024-01-16 23:13:26,103 [INFO] ThirdParty:1030 - CMSIS Pack Vendor :SEGGER I-CUBE-embOS 1.3.1
2024-01-16 23:13:26,103 [INFO] ThirdParty:1030 - CMSIS Pack Vendor :STMicroelectronics USB_DEVICE 1.0.0
2024-01-16 23:13:26,103 [INFO] ThirdParty:1030 - CMSIS Pack Vendor :STMicroelectronics X-CUBE-AI 8.1.0
2024-01-16 23:13:26,103 [INFO] ThirdParty:1030 - CMSIS Pack Vendor :STMicroelectronics X-CUBE-AZRTOS-L4 2.0.0
2024-01-16 23:13:26,103 [INFO] ThirdParty:1030 - CMSIS Pack Vendor :STMicroelectronics ThreadX 0.0.2
2024-01-16 23:13:26,103 [INFO] ThirdParty:1030 - CMSIS Pack Vendor :WES I-CUBE-Cesium 1.3.0
2024-01-16 23:13:26,103 [INFO] ThirdParty:1030 - CMSIS Pack Vendor :STMicroelectronics FP-ATR-ASTRA1 2.0.0
2024-01-16 23:13:26,103 [INFO] ThirdParty:1030 - CMSIS Pack Vendor :STMicroelectronics lwIP 2.1.2
2024-01-16 23:13:26,103 [INFO] ThirdParty:1030 - CMSIS Pack Vendor :STMicroelectronics X-CUBE-SFXS2LP1 4.0.0
2024-01-16 23:13:26,104 [INFO] ThirdParty:1030 - CMSIS Pack Vendor :STMicroelectronics X-CUBE-BLE2 3.3.0
2024-01-16 23:13:26,104 [INFO] ThirdParty:1030 - CMSIS Pack Vendor :STMicroelectronics X-CUBE-TOF1 3.4.0
2024-01-16 23:13:26,108 [INFO] ThirdParty:1030 - CMSIS Pack Vendor :STMicroelectronics X-CUBE-AZRTOS-H7 3.2.0
2024-01-16 23:13:26,108 [INFO] ThirdParty:1030 - CMSIS Pack Vendor :STMicroelectronics PDM2PCM 3.2.0
2024-01-16 23:13:26,109 [INFO] ThirdParty:841 - exiting critical section [change project]
2024-01-16 23:13:26,623 [INFO] PinOutPanel:1499 - setPackage(No Configuration,No Configuration)
2024-01-16 23:13:26,625 [INFO] PinOutPanel:1499 - setPackage(STM32F446RETx,LQFP64)
2024-01-16 23:13:27,173 [INFO] UtilMem:75 - Before build in PCC Used Memory: 539046400 Bytes (699400192)
2024-01-16 23:13:27,822 [INFO] UtilMem:75 - After build in PCC Used Memory: 351012416 Bytes (699400192)
2024-01-16 23:13:27,876 [INFO] IPUIPlugin:80 - create IPUIPlugin
2024-01-16 23:13:27,876 [INFO] IPUIPlugin:80 - create IPUIPlugin
2024-01-16 23:13:27,876 [INFO] IPUIPlugin:80 - create IPUIPlugin
2024-01-16 23:13:27,876 [INFO] IPUIPlugin:80 - create IPUIPlugin
2024-01-16 23:13:27,877 [INFO] IPUIPlugin:80 - create IPUIPlugin
2024-01-16 23:13:27,877 [INFO] IPUIPlugin:80 - create IPUIPlugin
2024-01-16 23:13:27,877 [INFO] IPUIPlugin:80 - create IPUIPlugin
2024-01-16 23:13:27,877 [INFO] IPUIPlugin:80 - create IPUIPlugin
2024-01-16 23:13:27,877 [INFO] IPUIPlugin:80 - create IPUIPlugin
2024-01-16 23:13:27,878 [INFO] IPUIPlugin:80 - create IPUIPlugin
2024-01-16 23:13:27,878 [INFO] IPUIPlugin:80 - create IPUIPlugin
2024-01-16 23:13:27,878 [INFO] IPUIPlugin:80 - create IPUIPlugin
2024-01-16 23:13:27,878 [INFO] IPUIPlugin:80 - create IPUIPlugin
2024-01-16 23:13:27,879 [INFO] IPUIPlugin:80 - create IPUIPlugin
2024-01-16 23:13:27,879 [INFO] IPUIPlugin:80 - create IPUIPlugin
2024-01-16 23:13:27,879 [INFO] IPUIPlugin:80 - create IPUIPlugin
2024-01-16 23:13:27,879 [INFO] IPUIPlugin:80 - create IPUIPlugin
2024-01-16 23:13:27,879 [INFO] IPUIPlugin:80 - create IPUIPlugin
2024-01-16 23:13:27,879 [INFO] IPUIPlugin:80 - create IPUIPlugin
2024-01-16 23:13:27,879 [INFO] IPUIPlugin:80 - create IPUIPlugin
2024-01-16 23:13:27,880 [INFO] IPUIPlugin:80 - create IPUIPlugin
2024-01-16 23:13:27,880 [INFO] IPUIPlugin:80 - create IPUIPlugin
2024-01-16 23:13:27,880 [INFO] IPUIPlugin:80 - create IPUIPlugin
2024-01-16 23:13:27,880 [INFO] IPUIPlugin:80 - create IPUIPlugin
2024-01-16 23:13:27,881 [INFO] IPUIPlugin:80 - create IPUIPlugin
2024-01-16 23:13:27,881 [INFO] IPUIPlugin:80 - create IPUIPlugin
2024-01-16 23:13:27,881 [INFO] IPUIPlugin:80 - create IPUIPlugin
2024-01-16 23:13:27,881 [INFO] IPUIPlugin:80 - create IPUIPlugin
2024-01-16 23:13:27,881 [INFO] IPUIPlugin:80 - create IPUIPlugin
2024-01-16 23:13:27,882 [INFO] IPUIPlugin:80 - create IPUIPlugin
2024-01-16 23:13:27,882 [INFO] IPUIPlugin:80 - create IPUIPlugin
2024-01-16 23:13:27,882 [INFO] IPUIPlugin:80 - create IPUIPlugin
2024-01-16 23:13:27,882 [INFO] IPUIPlugin:80 - create IPUIPlugin
2024-01-16 23:13:27,883 [INFO] IPUIPlugin:80 - create IPUIPlugin
2024-01-16 23:13:27,883 [INFO] IPUIPlugin:80 - create IPUIPlugin
2024-01-16 23:13:27,883 [INFO] IPUIPlugin:80 - create IPUIPlugin
2024-01-16 23:13:27,883 [INFO] IPUIPlugin:80 - create IPUIPlugin
2024-01-16 23:13:27,883 [INFO] IPUIPlugin:80 - create IPUIPlugin
2024-01-16 23:13:27,883 [INFO] IPUIPlugin:80 - create IPUIPlugin
2024-01-16 23:13:27,883 [INFO] IPUIPlugin:80 - create IPUIPlugin
2024-01-16 23:13:27,884 [INFO] IPUIPlugin:80 - create IPUIPlugin
2024-01-16 23:13:27,884 [INFO] IPUIPlugin:80 - create IPUIPlugin
2024-01-16 23:13:27,884 [INFO] IPUIPlugin:80 - create IPUIPlugin
2024-01-16 23:13:27,884 [INFO] IPUIPlugin:80 - create IPUIPlugin
2024-01-16 23:13:27,884 [INFO] IPUIPlugin:80 - create IPUIPlugin
2024-01-16 23:13:27,884 [INFO] IPUIPlugin:80 - create IPUIPlugin
2024-01-16 23:13:27,884 [INFO] IPUIPlugin:80 - create IPUIPlugin
2024-01-16 23:13:27,884 [INFO] IPUIPlugin:80 - create IPUIPlugin
2024-01-16 23:13:27,884 [INFO] IPUIPlugin:80 - create IPUIPlugin
2024-01-16 23:13:27,885 [INFO] IPUIPlugin:80 - create IPUIPlugin
2024-01-16 23:13:27,885 [INFO] IPUIPlugin:80 - create IPUIPlugin
2024-01-16 23:13:27,885 [INFO] IPUIPlugin:80 - create IPUIPlugin
2024-01-16 23:13:27,885 [INFO] IPUIPlugin:80 - create IPUIPlugin
2024-01-16 23:13:27,885 [INFO] IPUIPlugin:80 - create IPUIPlugin
2024-01-16 23:13:27,885 [INFO] IPUIPlugin:80 - create IPUIPlugin
2024-01-16 23:13:27,885 [INFO] IPUIPlugin:80 - create IPUIPlugin
2024-01-16 23:13:27,886 [INFO] IPUIPlugin:80 - create IPUIPlugin
2024-01-16 23:13:27,887 [INFO] IPUIPlugin:80 - create IPUIPlugin
2024-01-16 23:13:27,888 [INFO] IPUIPlugin:80 - create IPUIPlugin
2024-01-16 23:13:27,888 [INFO] IPUIPlugin:80 - create IPUIPlugin
2024-01-16 23:13:27,929 [INFO] ApiDbMcu:508 - Load IP Config File for PDM2PCM
2024-01-16 23:13:28,124 [INFO] CADModel:165 - CPN selected for project levelSTM32F446RET6
2024-01-16 23:13:28,125 [INFO] CADModel:114 - Register for checkConnection events
2024-01-16 23:13:28,165 [INFO] OpenFileManager:343 - Restore cursor
2024-01-16 23:13:31,383 [INFO] UtilMem:75 - End SaveConfig() Used Memory: 334840848 Bytes (699400192)
2024-01-16 23:13:33,099 [INFO] UtilMem:75 - End SaveConfig() Used Memory: 469574656 Bytes (699400192)
2024-01-16 23:13:35,786 [INFO] UtilMem:75 - End SaveConfig() Used Memory: 380110848 Bytes (699400192)
2024-01-16 23:13:36,337 [INFO] BlockDiagram:2759 - set Specific Code input for plugin: SYS
2024-01-16 23:13:36,337 [INFO] BlockDiagram:2759 - set Specific Code input for plugin: RCC
2024-01-16 23:13:36,337 [INFO] BlockDiagram:2759 - set Specific Code input for plugin: NVIC
2024-01-16 23:13:36,337 [INFO] BlockDiagram:2759 - set Specific Code input for plugin: USART
2024-01-16 23:13:36,338 [INFO] BlockDiagram:2759 - set Specific Code input for plugin: GPIO
2024-01-16 23:13:36,338 [INFO] CodeGenerator:807 - code generatio: config db path: /opt/stm32cubeide/plugins/com.st.stm32cube.common.mx_6.10.0.202311202037//db/
2024-01-16 23:13:36,826 [INFO] CodeEngine:255 - oldGeneratedFile, /home/benjaminowen/STM32CubeIDE/workspace_1.14.0/F446dev/MXTmpFiles/license.tmp_save
2024-01-16 23:13:37,334 [INFO] CodeEngine:279 - Generated code: /home/benjaminowen/STM32CubeIDE/workspace_1.14.0/F446dev/MXTmpFiles/license.tmp
2024-01-16 23:13:37,389 [INFO] CodeEngine:255 - oldGeneratedFile, /home/benjaminowen/STM32CubeIDE/workspace_1.14.0/F446dev/MXTmpFiles/gpio.tmp_save
2024-01-16 23:13:37,565 [INFO] CodeEngine:279 - Generated code: /home/benjaminowen/STM32CubeIDE/workspace_1.14.0/F446dev/MXTmpFiles/gpio.tmp
2024-01-16 23:13:37,634 [INFO] CodeEngine:255 - oldGeneratedFile, /home/benjaminowen/STM32CubeIDE/workspace_1.14.0/F446dev/Core/Src/stm32f4xx_it.c_save
2024-01-16 23:13:37,816 [INFO] CodeEngine:279 - Generated code: /home/benjaminowen/STM32CubeIDE/workspace_1.14.0/F446dev/Core/Src/stm32f4xx_it.c
2024-01-16 23:13:37,819 [INFO] CodeEngine:255 - oldGeneratedFile, /home/benjaminowen/STM32CubeIDE/workspace_1.14.0/F446dev/Core/Inc/stm32f4xx_it.h_save
2024-01-16 23:13:37,923 [INFO] CodeEngine:279 - Generated code: /home/benjaminowen/STM32CubeIDE/workspace_1.14.0/F446dev/Core/Inc/stm32f4xx_it.h
2024-01-16 23:13:37,928 [INFO] CodeEngine:255 - oldGeneratedFile, /home/benjaminowen/STM32CubeIDE/workspace_1.14.0/F446dev/Core/Src/stm32f4xx_hal_msp.c_save
2024-01-16 23:13:38,072 [INFO] CodeEngine:279 - Generated code: /home/benjaminowen/STM32CubeIDE/workspace_1.14.0/F446dev/Core/Src/stm32f4xx_hal_msp.c
2024-01-16 23:13:38,073 [INFO] CodeEngine:255 - oldGeneratedFile, /home/benjaminowen/STM32CubeIDE/workspace_1.14.0/F446dev/MXTmpFiles/system.tmp_save
2024-01-16 23:13:38,158 [INFO] CodeEngine:279 - Generated code: /home/benjaminowen/STM32CubeIDE/workspace_1.14.0/F446dev/MXTmpFiles/system.tmp
2024-01-16 23:13:38,163 [INFO] CodeEngine:311 - oldGeneratedFile, /home/benjaminowen/STM32CubeIDE/workspace_1.14.0/F446dev/Core/Inc/stm32f4xx_hal_conf.h_save
2024-01-16 23:13:38,284 [INFO] CodeEngine:335 - Generated code: /home/benjaminowen/STM32CubeIDE/workspace_1.14.0/F446dev/Core/Inc/stm32f4xx_hal_conf.h
2024-01-16 23:13:38,316 [WARN] IPConfigManager:2946 - Warning: the RefConfig PLL2P_FOR_MCO is not available in your config.xml file
2024-01-16 23:13:38,325 [INFO] CodeEngine:255 - oldGeneratedFile, /home/benjaminowen/STM32CubeIDE/workspace_1.14.0/F446dev/Core/Inc/main.h_save
2024-01-16 23:13:38,425 [INFO] CodeEngine:279 - Generated code: /home/benjaminowen/STM32CubeIDE/workspace_1.14.0/F446dev/Core/Inc/main.h
2024-01-16 23:13:38,427 [INFO] CodeEngine:255 - oldGeneratedFile, /home/benjaminowen/STM32CubeIDE/workspace_1.14.0/F446dev/Core/Src/main.c_save
2024-01-16 23:13:38,583 [INFO] CodeEngine:279 - Generated code: /home/benjaminowen/STM32CubeIDE/workspace_1.14.0/F446dev/Core/Src/main.c
2024-01-16 23:13:39,310 [INFO] ProjectBuilder:3076 - Time for Copy HAL[1] : 24mS.
2024-01-16 23:13:39,315 [INFO] ProjectBuilder:4485 - Project Generator version: 4.2.0-B44
2024-01-16 23:13:39,899 [INFO] ConfigFileManager:1495 - The Die is : DIE421
2024-01-16 23:13:39,910 [INFO] ApiDbMcu:508 - Load IP Config File for FATFS
2024-01-16 23:13:39,919 [INFO] ApiDbMcu:508 - Load IP Config File for FREERTOS
2024-01-16 23:13:39,923 [INFO] ApiDbMcu:508 - Load IP Config File for LIBJPEG
2024-01-16 23:13:39,937 [INFO] ApiDbMcu:508 - Load IP Config File for MBEDTLS
2024-01-16 23:13:39,954 [INFO] ApiDbMcu:508 - Load IP Config File for USB_DEVICE
2024-01-16 23:13:39,961 [INFO] ApiDbMcu:508 - Load IP Config File for USB_HOST
2024-01-16 23:13:41,292 [INFO] LogOutputStream:77 - [STDOUT_REDIRECT] 
2024-01-16 23:13:42,247 [INFO] ProjectBuilder:4747 - Time for Generating toolchain IDE Files: 2932mS.
2024-01-16 23:13:42,247 [INFO] ProjectBuilder:2947 - Time for Copy CMSIS : 0mS.
2024-01-16 23:13:42,248 [INFO] ProjectBuilder:2947 - Time for Copy CMSIS : 0mS.
2024-01-16 23:13:53,183 [ERROR] LogOutputStream:75 - [STDERR_REDIRECT] Jan 16, 2024 11:13:53 PM java.util.prefs.FileSystemPreferences checkLockFile0ErrorCode
2024-01-16 23:13:53,185 [ERROR] LogOutputStream:75 - [STDERR_REDIRECT] WARNING: Could not lock System prefs. Unix error code 29809.
2024-01-16 23:13:53,185 [ERROR] LogOutputStream:75 - [STDERR_REDIRECT] 
2024-01-16 23:13:53,187 [ERROR] LogOutputStream:75 - [STDERR_REDIRECT] Jan 16, 2024 11:13:53 PM java.util.prefs.FileSystemPreferences syncWorld
2024-01-16 23:13:53,188 [ERROR] LogOutputStream:75 - [STDERR_REDIRECT] WARNING: Couldn't flush system prefs: java.util.prefs.BackingStoreException: Couldn't get file lock.
2024-01-16 23:13:53,188 [ERROR] LogOutputStream:75 - [STDERR_REDIRECT] 
2024-01-16 23:14:11,045 [ERROR] LogOutputStream:75 - [STDERR_REDIRECT] Exception in thread "AWT-EventQueue-0" org.eclipse.swt.SWTException: Device is disposed
2024-01-16 23:14:11,046 [ERROR] LogOutputStream:75 - [STDERR_REDIRECT] 	at org.eclipse.swt.SWT.error(SWT.java:4918)
2024-01-16 23:14:11,046 [ERROR] LogOutputStream:75 - [STDERR_REDIRECT] 	at org.eclipse.swt.SWT.error(SWT.java:4833)
2024-01-16 23:14:11,046 [ERROR] LogOutputStream:75 - [STDERR_REDIRECT] 	at org.eclipse.swt.SWT.error(SWT.java:4804)
2024-01-16 23:14:11,046 [ERROR] LogOutputStream:75 - [STDERR_REDIRECT] 	at org.eclipse.swt.widgets.Display.error(Display.java:1550)
2024-01-16 23:14:11,046 [ERROR] LogOutputStream:75 - [STDERR_REDIRECT] 	at org.eclipse.swt.widgets.Display.asyncExec(Display.java:919)
2024-01-16 23:14:11,047 [ERROR] LogOutputStream:75 - [STDERR_REDIRECT] 	at com.st.stm32cube.common.mx.oss.core.awtswtbridge.AwtEnvironment$2.run(AwtEnvironment.java:168)
2024-01-16 23:14:11,047 [ERROR] LogOutputStream:75 - [STDERR_REDIRECT] 	at java.desktop/java.awt.event.InvocationEvent.dispatch(InvocationEvent.java:318)
2024-01-16 23:14:11,047 [ERROR] LogOutputStream:75 - [STDERR_REDIRECT] 	at java.desktop/java.awt.EventQueue.dispatchEventImpl(EventQueue.java:773)
2024-01-16 23:14:11,047 [ERROR] LogOutputStream:75 - [STDERR_REDIRECT] 	at java.desktop/java.awt.EventQueue$4.run(EventQueue.java:720)
2024-01-16 23:14:11,047 [ERROR] LogOutputStream:75 - [STDERR_REDIRECT] 	at java.desktop/java.awt.EventQueue$4.run(EventQueue.java:714)
2024-01-16 23:14:11,048 [ERROR] LogOutputStream:75 - [STDERR_REDIRECT] 	at java.base/java.security.AccessController.doPrivileged(AccessController.java:399)
2024-01-16 23:14:11,048 [ERROR] LogOutputStream:75 - [STDERR_REDIRECT] 	at java.base/java.security.ProtectionDomain$JavaSecurityAccessImpl.doIntersectionPrivilege(ProtectionDomain.java:86)
2024-01-16 23:14:11,048 [ERROR] LogOutputStream:75 - [STDERR_REDIRECT] 	at java.desktop/java.awt.EventQueue.dispatchEvent(EventQueue.java:742)
2024-01-16 23:14:11,048 [ERROR] LogOutputStream:75 - [STDERR_REDIRECT] 	at java.desktop/java.awt.EventDispatchThread.pumpOneEventForFilters(EventDispatchThread.java:203)
2024-01-16 23:14:11,048 [ERROR] LogOutputStream:75 - [STDERR_REDIRECT] 	at java.desktop/java.awt.EventDispatchThread.pumpEventsForFilter(EventDispatchThread.java:124)
2024-01-16 23:14:11,049 [ERROR] LogOutputStream:75 - [STDERR_REDIRECT] 	at java.desktop/java.awt.EventDispatchThread.pumpEventsForHierarchy(EventDispatchThread.java:113)
2024-01-16 23:14:11,049 [ERROR] LogOutputStream:75 - [STDERR_REDIRECT] 	at java.desktop/java.awt.EventDispatchThread.pumpEvents(EventDispatchThread.java:109)
2024-01-16 23:14:11,049 [ERROR] LogOutputStream:75 - [STDERR_REDIRECT] 	at java.desktop/java.awt.EventDispatchThread.pumpEvents(EventDispatchThread.java:101)
2024-01-16 23:14:11,049 [ERROR] LogOutputStream:75 - [STDERR_REDIRECT] 	at java.desktop/java.awt.EventDispatchThread.run(EventDispatchThread.java:90)
2024-01-16 23:14:11,268 [ERROR] LogOutputStream:75 - [STDERR_REDIRECT] 
2024-01-16 23:14:11,269 [ERROR] LogOutputStream:75 - [STDERR_REDIRECT] 
